<?xml version="1.0" encoding="UTF-8"?>
<coverage generated="1541462652613" clover="3.2.0">
  <project timestamp="1541462652613" name="All files">
    <metrics statements="247" coveredstatements="189" conditionals="94" coveredconditionals="49" methods="86" coveredmethods="68" elements="427" coveredelements="306" complexity="0" loc="247" ncloc="247" packages="14" files="25" classes="25">
      <package name="src">
        <metrics statements="52" coveredstatements="1" conditionals="32" coveredconditionals="0" methods="15" coveredmethods="0"/>
        <file name="index.js" path="/Users/alexanderrau/Desktop/Turing/Mod3/Bread-and-roses/src/index.js">
          <metrics statements="13" coveredstatements="0" conditionals="0" coveredconditionals="0" methods="0" coveredmethods="0"/>
          <line num="1" count="0" type="stmt"/>
          <line num="2" count="0" type="stmt"/>
          <line num="3" count="0" type="stmt"/>
          <line num="4" count="0" type="stmt"/>
          <line num="5" count="0" type="stmt"/>
          <line num="6" count="0" type="stmt"/>
          <line num="7" count="0" type="stmt"/>
          <line num="8" count="0" type="stmt"/>
          <line num="9" count="0" type="stmt"/>
          <line num="10" count="0" type="stmt"/>
          <line num="11" count="0" type="stmt"/>
          <line num="13" count="0" type="stmt"/>
          <line num="25" count="0" type="stmt"/>
        </file>
        <file name="serviceWorker.js" path="/Users/alexanderrau/Desktop/Turing/Mod3/Bread-and-roses/src/serviceWorker.js">
          <metrics statements="38" coveredstatements="0" conditionals="32" coveredconditionals="0" methods="15" coveredmethods="0"/>
          <line num="13" count="0" type="stmt"/>
          <line num="24" count="0" type="cond" truecount="0" falsecount="4"/>
          <line num="26" count="0" type="stmt"/>
          <line num="27" count="0" type="cond" truecount="0" falsecount="2"/>
          <line num="31" count="0" type="stmt"/>
          <line num="34" count="0" type="stmt"/>
          <line num="35" count="0" type="stmt"/>
          <line num="37" count="0" type="cond" truecount="0" falsecount="2"/>
          <line num="39" count="0" type="stmt"/>
          <line num="43" count="0" type="stmt"/>
          <line num="44" count="0" type="stmt"/>
          <line num="51" count="0" type="stmt"/>
          <line num="58" count="0" type="stmt"/>
          <line num="61" count="0" type="stmt"/>
          <line num="62" count="0" type="stmt"/>
          <line num="63" count="0" type="cond" truecount="0" falsecount="2"/>
          <line num="64" count="0" type="stmt"/>
          <line num="66" count="0" type="stmt"/>
          <line num="67" count="0" type="cond" truecount="0" falsecount="2"/>
          <line num="68" count="0" type="cond" truecount="0" falsecount="2"/>
          <line num="72" count="0" type="stmt"/>
          <line num="78" count="0" type="cond" truecount="0" falsecount="4"/>
          <line num="79" count="0" type="stmt"/>
          <line num="85" count="0" type="stmt"/>
          <line num="88" count="0" type="cond" truecount="0" falsecount="4"/>
          <line num="89" count="0" type="stmt"/>
          <line num="97" count="0" type="stmt"/>
          <line num="103" count="0" type="stmt"/>
          <line num="106" count="0" type="stmt"/>
          <line num="107" count="0" type="cond" truecount="0" falsecount="2"/>
          <line num="112" count="0" type="stmt"/>
          <line num="113" count="0" type="stmt"/>
          <line num="114" count="0" type="stmt"/>
          <line num="119" count="0" type="stmt"/>
          <line num="123" count="0" type="stmt"/>
          <line num="130" count="0" type="cond" truecount="0" falsecount="2"/>
          <line num="131" count="0" type="stmt"/>
          <line num="132" count="0" type="stmt"/>
        </file>
        <file name="setupTests.js" path="/Users/alexanderrau/Desktop/Turing/Mod3/Bread-and-roses/src/setupTests.js">
          <metrics statements="1" coveredstatements="1" conditionals="0" coveredconditionals="0" methods="0" coveredmethods="0"/>
          <line num="4" count="12" type="stmt"/>
        </file>
      </package>
      <package name="src.Actions">
        <metrics statements="8" coveredstatements="8" conditionals="0" coveredconditionals="0" methods="8" coveredmethods="8"/>
        <file name="house-actions.js" path="/Users/alexanderrau/Desktop/Turing/Mod3/Bread-and-roses/src/Actions/house-actions.js">
          <metrics statements="3" coveredstatements="3" conditionals="0" coveredconditionals="0" methods="3" coveredmethods="3"/>
          <line num="1" count="5" type="stmt"/>
          <line num="6" count="5" type="stmt"/>
          <line num="11" count="5" type="stmt"/>
        </file>
        <file name="index.js" path="/Users/alexanderrau/Desktop/Turing/Mod3/Bread-and-roses/src/Actions/index.js">
          <metrics statements="2" coveredstatements="2" conditionals="0" coveredconditionals="0" methods="2" coveredmethods="2"/>
          <line num="1" count="41" type="stmt"/>
          <line num="6" count="12" type="stmt"/>
        </file>
        <file name="senate-actions.js" path="/Users/alexanderrau/Desktop/Turing/Mod3/Bread-and-roses/src/Actions/senate-actions.js">
          <metrics statements="3" coveredstatements="3" conditionals="0" coveredconditionals="0" methods="3" coveredmethods="3"/>
          <line num="1" count="5" type="stmt"/>
          <line num="6" count="5" type="stmt"/>
          <line num="11" count="5" type="stmt"/>
        </file>
      </package>
      <package name="src.App">
        <metrics statements="19" coveredstatements="16" conditionals="4" coveredconditionals="3" methods="13" coveredmethods="10"/>
        <file name="App.js" path="/Users/alexanderrau/Desktop/Turing/Mod3/Bread-and-roses/src/App/App.js">
          <metrics statements="19" coveredstatements="16" conditionals="4" coveredconditionals="3" methods="13" coveredmethods="10"/>
          <line num="18" count="14" type="stmt"/>
          <line num="22" count="2" type="stmt"/>
          <line num="24" count="2" type="cond" truecount="2" falsecount="0"/>
          <line num="25" count="1" type="stmt"/>
          <line num="26" count="1" type="cond" truecount="1" falsecount="1"/>
          <line num="27" count="1" type="stmt"/>
          <line num="32" count="2" type="stmt"/>
          <line num="33" count="2" type="stmt"/>
          <line num="34" count="2" type="stmt"/>
          <line num="38" count="14" type="stmt"/>
          <line num="43" count="0" type="stmt"/>
          <line num="49" count="0" type="stmt"/>
          <line num="61" count="0" type="stmt"/>
          <line num="79" count="1" type="stmt"/>
          <line num="84" count="4" type="stmt"/>
          <line num="85" count="1" type="stmt"/>
          <line num="86" count="1" type="stmt"/>
          <line num="87" count="1" type="stmt"/>
          <line num="88" count="1" type="stmt"/>
        </file>
      </package>
      <package name="src.Components.ErrorPage">
        <metrics statements="2" coveredstatements="2" conditionals="0" coveredconditionals="0" methods="1" coveredmethods="1"/>
        <file name="index.js" path="/Users/alexanderrau/Desktop/Turing/Mod3/Bread-and-roses/src/Components/ErrorPage/index.js">
          <metrics statements="2" coveredstatements="2" conditionals="0" coveredconditionals="0" methods="1" coveredmethods="1"/>
          <line num="4" count="2" type="stmt"/>
          <line num="6" count="1" type="stmt"/>
        </file>
      </package>
      <package name="src.Components.LandingPage">
        <metrics statements="2" coveredstatements="2" conditionals="0" coveredconditionals="0" methods="1" coveredmethods="1"/>
        <file name="index.js" path="/Users/alexanderrau/Desktop/Turing/Mod3/Bread-and-roses/src/Components/LandingPage/index.js">
          <metrics statements="2" coveredstatements="2" conditionals="0" coveredconditionals="0" methods="1" coveredmethods="1"/>
          <line num="7" count="2" type="stmt"/>
          <line num="9" count="1" type="stmt"/>
        </file>
      </package>
      <package name="src.Components.Loading">
        <metrics statements="2" coveredstatements="2" conditionals="0" coveredconditionals="0" methods="1" coveredmethods="1"/>
        <file name="index.js" path="/Users/alexanderrau/Desktop/Turing/Mod3/Bread-and-roses/src/Components/Loading/index.js">
          <metrics statements="2" coveredstatements="2" conditionals="0" coveredconditionals="0" methods="1" coveredmethods="1"/>
          <line num="6" count="4" type="stmt"/>
          <line num="8" count="1" type="stmt"/>
        </file>
      </package>
      <package name="src.Components.MemberContainer">
        <metrics statements="25" coveredstatements="25" conditionals="22" coveredconditionals="14" methods="9" coveredmethods="9"/>
        <file name="index.js" path="/Users/alexanderrau/Desktop/Turing/Mod3/Bread-and-roses/src/Components/MemberContainer/index.js">
          <metrics statements="25" coveredstatements="25" conditionals="22" coveredconditionals="14" methods="9" coveredmethods="9"/>
          <line num="10" count="9" type="stmt"/>
          <line num="12" count="9" type="stmt"/>
          <line num="19" count="14" type="stmt"/>
          <line num="21" count="14" type="cond" truecount="2" falsecount="0"/>
          <line num="22" count="12" type="stmt"/>
          <line num="23" count="2" type="cond" truecount="1" falsecount="1"/>
          <line num="24" count="2" type="stmt"/>
          <line num="28" count="14" type="stmt"/>
          <line num="29" count="340" type="stmt"/>
          <line num="30" count="340" type="stmt"/>
          <line num="31" count="340" type="stmt"/>
          <line num="40" count="2" type="stmt"/>
          <line num="42" count="2" type="stmt"/>
          <line num="46" count="2" type="stmt"/>
          <line num="47" count="2" type="stmt"/>
          <line num="51" count="14" type="stmt"/>
          <line num="55" count="14" type="cond" truecount="2" falsecount="0"/>
          <line num="56" count="12" type="stmt"/>
          <line num="57" count="2" type="cond" truecount="1" falsecount="1"/>
          <line num="58" count="2" type="stmt"/>
          <line num="61" count="14" type="cond" truecount="2" falsecount="0"/>
          <line num="62" count="1" type="stmt"/>
          <line num="67" count="13" type="stmt"/>
          <line num="69" count="13" type="stmt"/>
          <line num="99" count="14" type="stmt"/>
        </file>
      </package>
      <package name="src.Components.Welcome">
        <metrics statements="2" coveredstatements="2" conditionals="0" coveredconditionals="0" methods="1" coveredmethods="1"/>
        <file name="index.js" path="/Users/alexanderrau/Desktop/Turing/Mod3/Bread-and-roses/src/Components/Welcome/index.js">
          <metrics statements="2" coveredstatements="2" conditionals="0" coveredconditionals="0" methods="1" coveredmethods="1"/>
          <line num="4" count="2" type="stmt"/>
          <line num="6" count="1" type="stmt"/>
        </file>
      </package>
      <package name="src.Containers.HearingsContainer">
        <metrics statements="10" coveredstatements="10" conditionals="8" coveredconditionals="8" methods="4" coveredmethods="4"/>
        <file name="index.js" path="/Users/alexanderrau/Desktop/Turing/Mod3/Bread-and-roses/src/Containers/HearingsContainer/index.js">
          <metrics statements="10" coveredstatements="10" conditionals="8" coveredconditionals="8" methods="4" coveredmethods="4"/>
          <line num="7" count="2" type="stmt"/>
          <line num="10" count="6" type="cond" truecount="4" falsecount="0"/>
          <line num="11" count="4" type="stmt"/>
          <line num="13" count="4" type="stmt"/>
          <line num="20" count="2" type="cond" truecount="4" falsecount="0"/>
          <line num="21" count="1" type="stmt"/>
          <line num="23" count="1" type="stmt"/>
          <line num="31" count="1" type="stmt"/>
          <line num="34" count="6" type="stmt"/>
          <line num="41" count="2" type="stmt"/>
        </file>
      </package>
      <package name="src.Containers.Nav">
        <metrics statements="7" coveredstatements="7" conditionals="0" coveredconditionals="0" methods="6" coveredmethods="6"/>
        <file name="index.js" path="/Users/alexanderrau/Desktop/Turing/Mod3/Bread-and-roses/src/Containers/Nav/index.js">
          <metrics statements="7" coveredstatements="7" conditionals="0" coveredconditionals="0" methods="6" coveredmethods="6"/>
          <line num="12" count="2" type="stmt"/>
          <line num="14" count="5" type="stmt"/>
          <line num="57" count="4" type="stmt"/>
          <line num="58" count="1" type="stmt"/>
          <line num="59" count="1" type="stmt"/>
          <line num="60" count="1" type="stmt"/>
          <line num="61" count="1" type="stmt"/>
        </file>
      </package>
      <package name="src.Reducers">
        <metrics statements="30" coveredstatements="26" conditionals="20" coveredconditionals="16" methods="8" coveredmethods="8"/>
        <file name="house-reducers.js" path="/Users/alexanderrau/Desktop/Turing/Mod3/Bread-and-roses/src/Reducers/house-reducers.js">
          <metrics statements="9" coveredstatements="9" conditionals="7" coveredconditionals="5" methods="3" coveredmethods="3"/>
          <line num="1" count="1" type="cond" truecount="0" falsecount="1"/>
          <line num="2" count="3" type="cond" truecount="3" falsecount="0"/>
          <line num="4" count="1" type="stmt"/>
          <line num="6" count="2" type="stmt"/>
          <line num="8" count="1" type="stmt"/>
          <line num="12" count="1" type="cond" truecount="0" falsecount="1"/>
          <line num="13" count="2" type="cond" truecount="2" falsecount="0"/>
          <line num="15" count="1" type="stmt"/>
          <line num="17" count="1" type="stmt"/>
        </file>
        <file name="index.js" path="/Users/alexanderrau/Desktop/Turing/Mod3/Bread-and-roses/src/Reducers/index.js">
          <metrics statements="4" coveredstatements="0" conditionals="0" coveredconditionals="0" methods="0" coveredmethods="0"/>
          <line num="1" count="0" type="stmt"/>
          <line num="2" count="0" type="stmt"/>
          <line num="3" count="0" type="stmt"/>
          <line num="5" count="0" type="stmt"/>
        </file>
        <file name="senate-reducers.js" path="/Users/alexanderrau/Desktop/Turing/Mod3/Bread-and-roses/src/Reducers/senate-reducers.js">
          <metrics statements="17" coveredstatements="17" conditionals="13" coveredconditionals="11" methods="5" coveredmethods="5"/>
          <line num="1" count="1" type="cond" truecount="1" falsecount="0"/>
          <line num="2" count="2" type="cond" truecount="2" falsecount="0"/>
          <line num="4" count="1" type="stmt"/>
          <line num="6" count="1" type="stmt"/>
          <line num="10" count="1" type="cond" truecount="1" falsecount="0"/>
          <line num="11" count="2" type="cond" truecount="2" falsecount="0"/>
          <line num="13" count="1" type="stmt"/>
          <line num="15" count="1" type="stmt"/>
          <line num="19" count="1" type="cond" truecount="0" falsecount="1"/>
          <line num="20" count="3" type="cond" truecount="3" falsecount="0"/>
          <line num="22" count="1" type="stmt"/>
          <line num="24" count="2" type="stmt"/>
          <line num="26" count="1" type="stmt"/>
          <line num="30" count="1" type="cond" truecount="0" falsecount="1"/>
          <line num="31" count="2" type="cond" truecount="2" falsecount="0"/>
          <line num="33" count="1" type="stmt"/>
          <line num="35" count="1" type="stmt"/>
        </file>
      </package>
      <package name="src.Thunks">
        <metrics statements="50" coveredstatements="50" conditionals="8" coveredconditionals="8" methods="10" coveredmethods="10"/>
        <file name="fetchHouse.js" path="/Users/alexanderrau/Desktop/Turing/Mod3/Bread-and-roses/src/Thunks/fetchHouse.js">
          <metrics statements="15" coveredstatements="15" conditionals="2" coveredconditionals="2" methods="3" coveredmethods="3"/>
          <line num="5" count="3" type="stmt"/>
          <line num="7" count="8" type="stmt"/>
          <line num="8" count="6" type="stmt"/>
          <line num="9" count="6" type="stmt"/>
          <line num="10" count="6" type="stmt"/>
          <line num="11" count="4" type="cond" truecount="2" falsecount="0"/>
          <line num="12" count="3" type="stmt"/>
          <line num="14" count="4" type="stmt"/>
          <line num="15" count="3" type="stmt"/>
          <line num="16" count="3" type="stmt"/>
          <line num="17" count="3" type="stmt"/>
          <line num="19" count="3" type="stmt"/>
          <line num="20" count="3" type="stmt"/>
          <line num="22" count="2" type="stmt"/>
          <line num="23" count="2" type="stmt"/>
        </file>
        <file name="fetchSenate.js" path="/Users/alexanderrau/Desktop/Turing/Mod3/Bread-and-roses/src/Thunks/fetchSenate.js">
          <metrics statements="15" coveredstatements="15" conditionals="2" coveredconditionals="2" methods="3" coveredmethods="3"/>
          <line num="5" count="3" type="stmt"/>
          <line num="7" count="8" type="stmt"/>
          <line num="8" count="6" type="stmt"/>
          <line num="9" count="6" type="stmt"/>
          <line num="10" count="6" type="stmt"/>
          <line num="11" count="4" type="cond" truecount="2" falsecount="0"/>
          <line num="12" count="3" type="stmt"/>
          <line num="14" count="4" type="stmt"/>
          <line num="15" count="3" type="stmt"/>
          <line num="16" count="2" type="stmt"/>
          <line num="17" count="2" type="stmt"/>
          <line num="19" count="3" type="stmt"/>
          <line num="20" count="2" type="stmt"/>
          <line num="22" count="3" type="stmt"/>
          <line num="23" count="3" type="stmt"/>
        </file>
        <file name="houseHearings.js" path="/Users/alexanderrau/Desktop/Turing/Mod3/Bread-and-roses/src/Thunks/houseHearings.js">
          <metrics statements="10" coveredstatements="10" conditionals="2" coveredconditionals="2" methods="2" coveredmethods="2"/>
          <line num="5" count="3" type="stmt"/>
          <line num="7" count="6" type="stmt"/>
          <line num="8" count="5" type="stmt"/>
          <line num="9" count="5" type="stmt"/>
          <line num="10" count="5" type="stmt"/>
          <line num="11" count="3" type="cond" truecount="2" falsecount="0"/>
          <line num="12" count="2" type="stmt"/>
          <line num="14" count="3" type="stmt"/>
          <line num="16" count="1" type="stmt"/>
          <line num="17" count="1" type="stmt"/>
        </file>
        <file name="senateHearings.js" path="/Users/alexanderrau/Desktop/Turing/Mod3/Bread-and-roses/src/Thunks/senateHearings.js">
          <metrics statements="10" coveredstatements="10" conditionals="2" coveredconditionals="2" methods="2" coveredmethods="2"/>
          <line num="5" count="3" type="stmt"/>
          <line num="7" count="6" type="stmt"/>
          <line num="8" count="5" type="stmt"/>
          <line num="9" count="5" type="stmt"/>
          <line num="10" count="5" type="stmt"/>
          <line num="11" count="3" type="cond" truecount="2" falsecount="0"/>
          <line num="12" count="2" type="stmt"/>
          <line num="14" count="3" type="stmt"/>
          <line num="16" count="1" type="stmt"/>
          <line num="17" count="1" type="stmt"/>
        </file>
      </package>
      <package name="src.Utils">
        <metrics statements="3" coveredstatements="3" conditionals="0" coveredconditionals="0" methods="0" coveredmethods="0"/>
        <file name="cardImages.js" path="/Users/alexanderrau/Desktop/Turing/Mod3/Bread-and-roses/src/Utils/cardImages.js">
          <metrics statements="1" coveredstatements="1" conditionals="0" coveredconditionals="0" methods="0" coveredmethods="0"/>
          <line num="1" count="2" type="stmt"/>
        </file>
        <file name="stateList.js" path="/Users/alexanderrau/Desktop/Turing/Mod3/Bread-and-roses/src/Utils/stateList.js">
          <metrics statements="2" coveredstatements="2" conditionals="0" coveredconditionals="0" methods="0" coveredmethods="0"/>
          <line num="1" count="2" type="stmt"/>
          <line num="28" count="2" type="stmt"/>
        </file>
      </package>
      <package name="src.Utils.API">
        <metrics statements="35" coveredstatements="35" conditionals="0" coveredconditionals="0" methods="9" coveredmethods="9"/>
        <file name="API.js" path="/Users/alexanderrau/Desktop/Turing/Mod3/Bread-and-roses/src/Utils/API/API.js">
          <metrics statements="34" coveredstatements="34" conditionals="0" coveredconditionals="0" methods="9" coveredmethods="9"/>
          <line num="3" count="4" type="stmt"/>
          <line num="5" count="3" type="stmt"/>
          <line num="9" count="2" type="stmt"/>
          <line num="10" count="2" type="stmt"/>
          <line num="11" count="2" type="stmt"/>
          <line num="12" count="2" type="stmt"/>
          <line num="19" count="2" type="stmt"/>
          <line num="22" count="4" type="stmt"/>
          <line num="24" count="3" type="stmt"/>
          <line num="28" count="2" type="stmt"/>
          <line num="29" count="2" type="stmt"/>
          <line num="30" count="2" type="stmt"/>
          <line num="31" count="2" type="stmt"/>
          <line num="38" count="2" type="stmt"/>
          <line num="41" count="4" type="stmt"/>
          <line num="43" count="3" type="stmt"/>
          <line num="47" count="3" type="stmt"/>
          <line num="48" count="3" type="stmt"/>
          <line num="49" count="2" type="stmt"/>
          <line num="55" count="2" type="stmt"/>
          <line num="58" count="4" type="stmt"/>
          <line num="60" count="3" type="stmt"/>
          <line num="64" count="2" type="stmt"/>
          <line num="65" count="2" type="stmt"/>
          <line num="66" count="2" type="stmt"/>
          <line num="67" count="2" type="stmt"/>
          <line num="72" count="2" type="stmt"/>
          <line num="75" count="4" type="stmt"/>
          <line num="77" count="3" type="stmt"/>
          <line num="81" count="2" type="stmt"/>
          <line num="82" count="2" type="stmt"/>
          <line num="83" count="2" type="stmt"/>
          <line num="84" count="2" type="stmt"/>
          <line num="89" count="2" type="stmt"/>
        </file>
        <file name="key.js" path="/Users/alexanderrau/Desktop/Turing/Mod3/Bread-and-roses/src/Utils/API/key.js">
          <metrics statements="1" coveredstatements="1" conditionals="0" coveredconditionals="0" methods="0" coveredmethods="0"/>
          <line num="1" count="4" type="stmt"/>
        </file>
      </package>
    </metrics>
  </project>
</coverage>
