{"/Users/alexanderrau/Desktop/Turing/Mod3/Bread-and-roses/src/index.js": {"path":"/Users/alexanderrau/Desktop/Turing/Mod3/Bread-and-roses/src/index.js","statementMap":{"0":{"start":{"line":1,"column":0},"end":{"line":null,"column":-1}},"1":{"start":{"line":2,"column":0},"end":{"line":null,"column":-1}},"2":{"start":{"line":3,"column":0},"end":{"line":null,"column":-1}},"3":{"start":{"line":4,"column":0},"end":{"line":null,"column":-1}},"4":{"start":{"line":5,"column":0},"end":{"line":null,"column":-1}},"5":{"start":{"line":6,"column":0},"end":{"line":null,"column":-1}},"6":{"start":{"line":7,"column":0},"end":{"line":null,"column":-1}},"7":{"start":{"line":8,"column":0},"end":{"line":null,"column":-1}},"8":{"start":{"line":9,"column":0},"end":{"line":null,"column":-1}},"9":{"start":{"line":10,"column":0},"end":{"line":null,"column":-1}},"10":{"start":{"line":11,"column":0},"end":{"line":null,"column":-1}},"11":{"start":{"line":13,"column":14},"end":{"line":13,"column":0}},"12":{"start":{"line":25,"column":0},"end":{"line":null,"column":-1}}},"fnMap":{},"branchMap":{},"s":{"0":0,"1":0,"2":0,"3":0,"4":0,"5":0,"6":0,"7":0,"8":0,"9":0,"10":0,"11":0,"12":0},"f":{},"b":{}}
,"/Users/alexanderrau/Desktop/Turing/Mod3/Bread-and-roses/src/serviceWorker.js": {"path":"/Users/alexanderrau/Desktop/Turing/Mod3/Bread-and-roses/src/serviceWorker.js","statementMap":{"0":{"start":{"line":13,"column":20},"end":{"line":13,"column":0}},"1":{"start":{"line":24,"column":2},"end":{"line":54,"column":3}},"2":{"start":{"line":26,"column":22},"end":{"line":26,"column":4}},"3":{"start":{"line":27,"column":4},"end":{"line":32,"column":5}},"4":{"start":{"line":31,"column":6},"end":{"line":null,"column":-1}},"5":{"start":{"line":34,"column":4},"end":{"line":null,"column":-1}},"6":{"start":{"line":35,"column":21},"end":{"line":35,"column":6}},"7":{"start":{"line":37,"column":6},"end":{"line":52,"column":7}},"8":{"start":{"line":39,"column":8},"end":{"line":37,"column":23}},"9":{"start":{"line":43,"column":8},"end":{"line":null,"column":-1}},"10":{"start":{"line":44,"column":10},"end":{"line":null,"column":-1}},"11":{"start":{"line":51,"column":8},"end":{"line":null,"column":-1}},"12":{"start":{"line":58,"column":2},"end":{"line":null,"column":-1}},"13":{"start":{"line":61,"column":6},"end":{"line":null,"column":-1}},"14":{"start":{"line":62,"column":33},"end":{"line":62,"column":8}},"15":{"start":{"line":63,"column":8},"end":{"line":65,"column":9}},"16":{"start":{"line":64,"column":10},"end":{"line":null,"column":-1}},"17":{"start":{"line":66,"column":8},"end":{"line":null,"column":-1}},"18":{"start":{"line":67,"column":10},"end":{"line":92,"column":11}},"19":{"start":{"line":68,"column":12},"end":{"line":91,"column":13}},"20":{"start":{"line":72,"column":14},"end":{"line":68,"column":52}},"21":{"start":{"line":78,"column":14},"end":{"line":80,"column":15}},"22":{"start":{"line":79,"column":16},"end":{"line":null,"column":-1}},"23":{"start":{"line":85,"column":14},"end":{"line":81,"column":19}},"24":{"start":{"line":88,"column":14},"end":{"line":90,"column":15}},"25":{"start":{"line":89,"column":16},"end":{"line":null,"column":-1}},"26":{"start":{"line":97,"column":6},"end":{"line":null,"column":-1}},"27":{"start":{"line":103,"column":2},"end":{"line":null,"column":-1}},"28":{"start":{"line":106,"column":26},"end":{"line":106,"column":6}},"29":{"start":{"line":107,"column":6},"end":{"line":120,"column":7}},"30":{"start":{"line":112,"column":8},"end":{"line":null,"column":-1}},"31":{"start":{"line":113,"column":10},"end":{"line":null,"column":-1}},"32":{"start":{"line":114,"column":12},"end":{"line":null,"column":-1}},"33":{"start":{"line":119,"column":8},"end":{"line":null,"column":-1}},"34":{"start":{"line":123,"column":6},"end":{"line":null,"column":-1}},"35":{"start":{"line":130,"column":2},"end":{"line":134,"column":3}},"36":{"start":{"line":131,"column":4},"end":{"line":null,"column":-1}},"37":{"start":{"line":132,"column":6},"end":{"line":null,"column":-1}}},"fnMap":{"0":{"name":"register","decl":{"start":{"line":23,"column":16},"end":{"line":23,"column":7}},"loc":{"start":{"line":23,"column":33},"end":{"line":55,"column":1}}},"1":{"name":"(anonymous_1)","decl":{"start":{"line":34,"column":36},"end":{"line":34,"column":41}},"loc":{"start":{"line":34,"column":42},"end":{"line":34,"column":4}}},"2":{"name":"(anonymous_2)","decl":{"start":{"line":43,"column":43},"end":{"line":43,"column":48}},"loc":{"start":{"line":43,"column":49},"end":{"line":43,"column":8}}},"3":{"name":"registerValidSW","decl":{"start":{"line":57,"column":9},"end":{"line":57,"column":0}},"loc":{"start":{"line":57,"column":40},"end":{"line":99,"column":1}}},"4":{"name":"(anonymous_4)","decl":{"start":{"line":60,"column":10},"end":{"line":60,"column":21}},"loc":{"start":{"line":60,"column":26},"end":{"line":58,"column":2}}},"5":{"name":"(anonymous_5)","decl":{"start":{"line":61,"column":35},"end":{"line":61,"column":40}},"loc":{"start":{"line":61,"column":41},"end":{"line":61,"column":6}}},"6":{"name":"(anonymous_6)","decl":{"start":{"line":66,"column":41},"end":{"line":66,"column":46}},"loc":{"start":{"line":66,"column":47},"end":{"line":66,"column":8}}},"7":{"name":"(anonymous_7)","decl":{"start":{"line":96,"column":11},"end":{"line":96,"column":15}},"loc":{"start":{"line":96,"column":20},"end":{"line":58,"column":2}}},"8":{"name":"checkValidServiceWorker","decl":{"start":{"line":101,"column":9},"end":{"line":101,"column":0}},"loc":{"start":{"line":101,"column":48},"end":{"line":127,"column":1}}},"9":{"name":"(anonymous_9)","decl":{"start":{"line":104,"column":10},"end":{"line":104,"column":17}},"loc":{"start":{"line":104,"column":22},"end":{"line":103,"column":2}}},"10":{"name":"(anonymous_10)","decl":{"start":{"line":112,"column":43},"end":{"line":112,"column":54}},"loc":{"start":{"line":112,"column":59},"end":{"line":112,"column":8}}},"11":{"name":"(anonymous_11)","decl":{"start":{"line":113,"column":41},"end":{"line":113,"column":46}},"loc":{"start":{"line":113,"column":47},"end":{"line":113,"column":10}}},"12":{"name":"(anonymous_12)","decl":{"start":{"line":122,"column":11},"end":{"line":122,"column":16}},"loc":{"start":{"line":122,"column":17},"end":{"line":103,"column":2}}},"13":{"name":"unregister","decl":{"start":{"line":129,"column":16},"end":{"line":129,"column":7}},"loc":{"start":{"line":129,"column":29},"end":{"line":135,"column":1}}},"14":{"name":"(anonymous_14)","decl":{"start":{"line":131,"column":39},"end":{"line":131,"column":50}},"loc":{"start":{"line":131,"column":55},"end":{"line":131,"column":4}}}},"branchMap":{"0":{"loc":{"start":{"line":14,"column":2},"end":{"line":14,"column":1}},"type":"binary-expr","locations":[{"start":{"line":14,"column":2},"end":{"line":14,"column":1}},{"start":{"line":16,"column":4},"end":{"line":14,"column":2}},{"start":{"line":18,"column":4},"end":{"line":13,"column":27}}]},"1":{"loc":{"start":{"line":24,"column":2},"end":{"line":54,"column":3}},"type":"if","locations":[{"start":{"line":24,"column":2},"end":{"line":54,"column":3}},{"start":{"line":24,"column":2},"end":{"line":54,"column":3}}]},"2":{"loc":{"start":{"line":24,"column":6},"end":{"line":24,"column":5}},"type":"binary-expr","locations":[{"start":{"line":24,"column":6},"end":{"line":24,"column":5}},{"start":{"line":24,"column":47},"end":{"line":24,"column":2}}]},"3":{"loc":{"start":{"line":27,"column":4},"end":{"line":32,"column":5}},"type":"if","locations":[{"start":{"line":27,"column":4},"end":{"line":32,"column":5}},{"start":{"line":27,"column":4},"end":{"line":32,"column":5}}]},"4":{"loc":{"start":{"line":37,"column":6},"end":{"line":52,"column":7}},"type":"if","locations":[{"start":{"line":37,"column":6},"end":{"line":52,"column":7}},{"start":{"line":37,"column":6},"end":{"line":52,"column":7}}]},"5":{"loc":{"start":{"line":63,"column":8},"end":{"line":65,"column":9}},"type":"if","locations":[{"start":{"line":63,"column":8},"end":{"line":65,"column":9}},{"start":{"line":63,"column":8},"end":{"line":65,"column":9}}]},"6":{"loc":{"start":{"line":67,"column":10},"end":{"line":92,"column":11}},"type":"if","locations":[{"start":{"line":67,"column":10},"end":{"line":92,"column":11}},{"start":{"line":67,"column":10},"end":{"line":92,"column":11}}]},"7":{"loc":{"start":{"line":68,"column":12},"end":{"line":91,"column":13}},"type":"if","locations":[{"start":{"line":68,"column":12},"end":{"line":91,"column":13}},{"start":{"line":68,"column":12},"end":{"line":91,"column":13}}]},"8":{"loc":{"start":{"line":78,"column":14},"end":{"line":80,"column":15}},"type":"if","locations":[{"start":{"line":78,"column":14},"end":{"line":80,"column":15}},{"start":{"line":78,"column":14},"end":{"line":80,"column":15}}]},"9":{"loc":{"start":{"line":78,"column":18},"end":{"line":78,"column":24}},"type":"binary-expr","locations":[{"start":{"line":78,"column":18},"end":{"line":78,"column":24}},{"start":{"line":78,"column":28},"end":{"line":78,"column":14}}]},"10":{"loc":{"start":{"line":88,"column":14},"end":{"line":90,"column":15}},"type":"if","locations":[{"start":{"line":88,"column":14},"end":{"line":90,"column":15}},{"start":{"line":88,"column":14},"end":{"line":90,"column":15}}]},"11":{"loc":{"start":{"line":88,"column":18},"end":{"line":88,"column":24}},"type":"binary-expr","locations":[{"start":{"line":88,"column":18},"end":{"line":88,"column":24}},{"start":{"line":88,"column":28},"end":{"line":88,"column":14}}]},"12":{"loc":{"start":{"line":107,"column":6},"end":{"line":120,"column":7}},"type":"if","locations":[{"start":{"line":107,"column":6},"end":{"line":120,"column":7}},{"start":{"line":107,"column":6},"end":{"line":120,"column":7}}]},"13":{"loc":{"start":{"line":108,"column":8},"end":{"line":108,"column":7}},"type":"binary-expr","locations":[{"start":{"line":108,"column":8},"end":{"line":108,"column":7}},{"start":{"line":109,"column":9},"end":{"line":109,"column":8}},{"start":{"line":109,"column":32},"end":{"line":107,"column":6}}]},"14":{"loc":{"start":{"line":130,"column":2},"end":{"line":134,"column":3}},"type":"if","locations":[{"start":{"line":130,"column":2},"end":{"line":134,"column":3}},{"start":{"line":130,"column":2},"end":{"line":134,"column":3}}]}},"s":{"0":0,"1":0,"2":0,"3":0,"4":0,"5":0,"6":0,"7":0,"8":0,"9":0,"10":0,"11":0,"12":0,"13":0,"14":0,"15":0,"16":0,"17":0,"18":0,"19":0,"20":0,"21":0,"22":0,"23":0,"24":0,"25":0,"26":0,"27":0,"28":0,"29":0,"30":0,"31":0,"32":0,"33":0,"34":0,"35":0,"36":0,"37":0},"f":{"0":0,"1":0,"2":0,"3":0,"4":0,"5":0,"6":0,"7":0,"8":0,"9":0,"10":0,"11":0,"12":0,"13":0,"14":0},"b":{"0":[0,0,0],"1":[0,0],"2":[0,0],"3":[0,0],"4":[0,0],"5":[0,0],"6":[0,0],"7":[0,0],"8":[0,0],"9":[0,0],"10":[0,0],"11":[0,0],"12":[0,0],"13":[0,0,0],"14":[0,0]}}
,"/Users/alexanderrau/Desktop/Turing/Mod3/Bread-and-roses/src/setupTests.js": {"path":"/Users/alexanderrau/Desktop/Turing/Mod3/Bread-and-roses/src/setupTests.js","statementMap":{"0":{"start":{"line":4,"column":0},"end":{"line":4,"column":38}}},"fnMap":{},"branchMap":{},"s":{"0":12},"f":{},"b":{},"_coverageSchema":"332fd63041d2c1bcb487cc26dd0d5f7d97098a6c","hash":"616bb3a7fafb83599da948540233ca5611c194d4"}
,"/Users/alexanderrau/Desktop/Turing/Mod3/Bread-and-roses/src/Actions/house-actions.js": {"path":"/Users/alexanderrau/Desktop/Turing/Mod3/Bread-and-roses/src/Actions/house-actions.js","statementMap":{"0":{"start":{"line":1,"column":28},"end":{"line":4,"column":2}},"1":{"start":{"line":1,"column":44},"end":{"line":4,"column":1}},"2":{"start":{"line":6,"column":27},"end":{"line":9,"column":2}},"3":{"start":{"line":6,"column":39},"end":{"line":9,"column":1}},"4":{"start":{"line":11,"column":32},"end":{"line":14,"column":2}},"5":{"start":{"line":11,"column":51},"end":{"line":14,"column":1}}},"fnMap":{"0":{"name":"(anonymous_0)","decl":{"start":{"line":1,"column":28},"end":{"line":1,"column":29}},"loc":{"start":{"line":1,"column":44},"end":{"line":4,"column":1}},"line":1},"1":{"name":"(anonymous_1)","decl":{"start":{"line":6,"column":27},"end":{"line":6,"column":28}},"loc":{"start":{"line":6,"column":39},"end":{"line":9,"column":1}},"line":6},"2":{"name":"(anonymous_2)","decl":{"start":{"line":11,"column":32},"end":{"line":11,"column":33}},"loc":{"start":{"line":11,"column":51},"end":{"line":14,"column":1}},"line":11}},"branchMap":{},"s":{"0":5,"1":5,"2":5,"3":3,"4":5,"5":5},"f":{"0":5,"1":3,"2":5},"b":{},"_coverageSchema":"332fd63041d2c1bcb487cc26dd0d5f7d97098a6c","hash":"b48daa0b8975554c9174bc21e7bf9eec581c2c46"}
,"/Users/alexanderrau/Desktop/Turing/Mod3/Bread-and-roses/src/Actions/index.js": {"path":"/Users/alexanderrau/Desktop/Turing/Mod3/Bread-and-roses/src/Actions/index.js","statementMap":{"0":{"start":{"line":1,"column":25},"end":{"line":4,"column":2}},"1":{"start":{"line":1,"column":36},"end":{"line":4,"column":1}},"2":{"start":{"line":6,"column":26},"end":{"line":9,"column":2}},"3":{"start":{"line":6,"column":37},"end":{"line":9,"column":1}}},"fnMap":{"0":{"name":"(anonymous_0)","decl":{"start":{"line":1,"column":25},"end":{"line":1,"column":26}},"loc":{"start":{"line":1,"column":36},"end":{"line":4,"column":1}},"line":1},"1":{"name":"(anonymous_1)","decl":{"start":{"line":6,"column":26},"end":{"line":6,"column":27}},"loc":{"start":{"line":6,"column":37},"end":{"line":9,"column":1}},"line":6}},"branchMap":{},"s":{"0":5,"1":42,"2":5,"3":12},"f":{"0":42,"1":12},"b":{},"_coverageSchema":"332fd63041d2c1bcb487cc26dd0d5f7d97098a6c","hash":"5fb9ceea35c3deade4fb34cffae1bc007e03a2e1"}
,"/Users/alexanderrau/Desktop/Turing/Mod3/Bread-and-roses/src/Actions/senate-actions.js": {"path":"/Users/alexanderrau/Desktop/Turing/Mod3/Bread-and-roses/src/Actions/senate-actions.js","statementMap":{"0":{"start":{"line":1,"column":29},"end":{"line":4,"column":2}},"1":{"start":{"line":1,"column":46},"end":{"line":4,"column":1}},"2":{"start":{"line":6,"column":28},"end":{"line":9,"column":2}},"3":{"start":{"line":6,"column":40},"end":{"line":9,"column":1}},"4":{"start":{"line":11,"column":33},"end":{"line":14,"column":2}},"5":{"start":{"line":11,"column":52},"end":{"line":14,"column":1}}},"fnMap":{"0":{"name":"(anonymous_0)","decl":{"start":{"line":1,"column":29},"end":{"line":1,"column":30}},"loc":{"start":{"line":1,"column":46},"end":{"line":4,"column":1}},"line":1},"1":{"name":"(anonymous_1)","decl":{"start":{"line":6,"column":28},"end":{"line":6,"column":29}},"loc":{"start":{"line":6,"column":40},"end":{"line":9,"column":1}},"line":6},"2":{"name":"(anonymous_2)","decl":{"start":{"line":11,"column":33},"end":{"line":11,"column":34}},"loc":{"start":{"line":11,"column":52},"end":{"line":14,"column":1}},"line":11}},"branchMap":{},"s":{"0":5,"1":4,"2":5,"3":3,"4":5,"5":5},"f":{"0":4,"1":3,"2":5},"b":{},"_coverageSchema":"332fd63041d2c1bcb487cc26dd0d5f7d97098a6c","hash":"a68de20940b2576977387685ad90d8fd17887471"}
,"/Users/alexanderrau/Desktop/Turing/Mod3/Bread-and-roses/src/App/App.js": {"path":"/Users/alexanderrau/Desktop/Turing/Mod3/Bread-and-roses/src/App/App.js","statementMap":{"0":{"start":{"line":18,"column":4},"end":{"line":18,"column":12}},"1":{"start":{"line":22,"column":40},"end":{"line":22,"column":50}},"2":{"start":{"line":24,"column":4},"end":{"line":28,"column":5}},"3":{"start":{"line":25,"column":6},"end":{"line":25,"column":25}},"4":{"start":{"line":26,"column":11},"end":{"line":28,"column":5}},"5":{"start":{"line":27,"column":6},"end":{"line":27,"column":24}},"6":{"start":{"line":32,"column":38},"end":{"line":32,"column":48}},"7":{"start":{"line":33,"column":4},"end":{"line":33,"column":17}},"8":{"start":{"line":34,"column":4},"end":{"line":34,"column":16}},"9":{"start":{"line":38,"column":4},"end":{"line":75,"column":6}},"10":{"start":{"line":43,"column":12},"end":{"line":46,"column":18}},"11":{"start":{"line":49,"column":12},"end":{"line":58,"column":18}},"12":{"start":{"line":61,"column":12},"end":{"line":70,"column":18}},"13":{"start":{"line":79,"column":31},"end":{"line":82,"column":2}},"14":{"start":{"line":79,"column":43},"end":{"line":82,"column":1}},"15":{"start":{"line":84,"column":34},"end":{"line":89,"column":2}},"16":{"start":{"line":84,"column":49},"end":{"line":89,"column":1}},"17":{"start":{"line":85,"column":27},"end":{"line":85,"column":56}},"18":{"start":{"line":86,"column":26},"end":{"line":86,"column":54}},"19":{"start":{"line":87,"column":21},"end":{"line":87,"column":44}},"20":{"start":{"line":88,"column":20},"end":{"line":88,"column":42}}},"fnMap":{"0":{"name":"(anonymous_0)","decl":{"start":{"line":17,"column":2},"end":{"line":17,"column":3}},"loc":{"start":{"line":17,"column":21},"end":{"line":19,"column":3}},"line":17},"1":{"name":"(anonymous_1)","decl":{"start":{"line":21,"column":19},"end":{"line":21,"column":20}},"loc":{"start":{"line":21,"column":42},"end":{"line":29,"column":3}},"line":21},"2":{"name":"(anonymous_2)","decl":{"start":{"line":31,"column":18},"end":{"line":31,"column":19}},"loc":{"start":{"line":31,"column":24},"end":{"line":35,"column":3}},"line":31},"3":{"name":"(anonymous_3)","decl":{"start":{"line":37,"column":2},"end":{"line":37,"column":3}},"loc":{"start":{"line":37,"column":11},"end":{"line":76,"column":3}},"line":37},"4":{"name":"(anonymous_4)","decl":{"start":{"line":42,"column":47},"end":{"line":42,"column":48}},"loc":{"start":{"line":43,"column":12},"end":{"line":46,"column":18}},"line":43},"5":{"name":"(anonymous_5)","decl":{"start":{"line":48,"column":46},"end":{"line":48,"column":47}},"loc":{"start":{"line":49,"column":12},"end":{"line":58,"column":18}},"line":49},"6":{"name":"(anonymous_6)","decl":{"start":{"line":60,"column":45},"end":{"line":60,"column":46}},"loc":{"start":{"line":61,"column":12},"end":{"line":70,"column":18}},"line":61},"7":{"name":"(anonymous_7)","decl":{"start":{"line":79,"column":31},"end":{"line":79,"column":32}},"loc":{"start":{"line":79,"column":43},"end":{"line":82,"column":1}},"line":79},"8":{"name":"(anonymous_8)","decl":{"start":{"line":84,"column":34},"end":{"line":84,"column":35}},"loc":{"start":{"line":84,"column":49},"end":{"line":89,"column":1}},"line":84},"9":{"name":"(anonymous_9)","decl":{"start":{"line":85,"column":16},"end":{"line":85,"column":17}},"loc":{"start":{"line":85,"column":27},"end":{"line":85,"column":56}},"line":85},"10":{"name":"(anonymous_10)","decl":{"start":{"line":86,"column":15},"end":{"line":86,"column":16}},"loc":{"start":{"line":86,"column":26},"end":{"line":86,"column":54}},"line":86},"11":{"name":"(anonymous_11)","decl":{"start":{"line":87,"column":15},"end":{"line":87,"column":16}},"loc":{"start":{"line":87,"column":21},"end":{"line":87,"column":44}},"line":87},"12":{"name":"(anonymous_12)","decl":{"start":{"line":88,"column":14},"end":{"line":88,"column":15}},"loc":{"start":{"line":88,"column":20},"end":{"line":88,"column":42}},"line":88}},"branchMap":{"0":{"loc":{"start":{"line":24,"column":4},"end":{"line":28,"column":5}},"type":"if","locations":[{"start":{"line":24,"column":4},"end":{"line":28,"column":5}},{"start":{"line":24,"column":4},"end":{"line":28,"column":5}}],"line":24},"1":{"loc":{"start":{"line":26,"column":11},"end":{"line":28,"column":5}},"type":"if","locations":[{"start":{"line":26,"column":11},"end":{"line":28,"column":5}},{"start":{"line":26,"column":11},"end":{"line":28,"column":5}}],"line":26}},"s":{"0":14,"1":2,"2":2,"3":1,"4":1,"5":1,"6":2,"7":2,"8":2,"9":14,"10":0,"11":0,"12":0,"13":1,"14":1,"15":1,"16":4,"17":1,"18":1,"19":1,"20":1},"f":{"0":14,"1":2,"2":2,"3":14,"4":0,"5":0,"6":0,"7":1,"8":4,"9":1,"10":1,"11":1,"12":1},"b":{"0":[1,1],"1":[1,0]},"_coverageSchema":"332fd63041d2c1bcb487cc26dd0d5f7d97098a6c","hash":"0200954d286d202a1a568f74541a2392f1071364"}
,"/Users/alexanderrau/Desktop/Turing/Mod3/Bread-and-roses/src/Components/ErrorPage/index.js": {"path":"/Users/alexanderrau/Desktop/Turing/Mod3/Bread-and-roses/src/Components/ErrorPage/index.js","statementMap":{"0":{"start":{"line":4,"column":25},"end":{"line":14,"column":1}},"1":{"start":{"line":6,"column":2},"end":{"line":13,"column":3}}},"fnMap":{"0":{"name":"(anonymous_0)","decl":{"start":{"line":4,"column":25},"end":{"line":4,"column":26}},"loc":{"start":{"line":4,"column":31},"end":{"line":14,"column":1}},"line":4}},"branchMap":{},"s":{"0":2,"1":1},"f":{"0":1},"b":{},"_coverageSchema":"332fd63041d2c1bcb487cc26dd0d5f7d97098a6c","hash":"0158d6081343376876b9fbb7f337443316f58423"}
,"/Users/alexanderrau/Desktop/Turing/Mod3/Bread-and-roses/src/Components/LandingPage/index.js": {"path":"/Users/alexanderrau/Desktop/Turing/Mod3/Bread-and-roses/src/Components/LandingPage/index.js","statementMap":{"0":{"start":{"line":7,"column":27},"end":{"line":35,"column":1}},"1":{"start":{"line":9,"column":2},"end":{"line":34,"column":3}}},"fnMap":{"0":{"name":"(anonymous_0)","decl":{"start":{"line":7,"column":27},"end":{"line":7,"column":28}},"loc":{"start":{"line":7,"column":33},"end":{"line":35,"column":1}},"line":7}},"branchMap":{},"s":{"0":2,"1":1},"f":{"0":1},"b":{},"_coverageSchema":"332fd63041d2c1bcb487cc26dd0d5f7d97098a6c","hash":"6879afd8f327e4aea33f7621da0e645239fb0078"}
,"/Users/alexanderrau/Desktop/Turing/Mod3/Bread-and-roses/src/Components/Loading/index.js": {"path":"/Users/alexanderrau/Desktop/Turing/Mod3/Bread-and-roses/src/Components/Loading/index.js","statementMap":{"0":{"start":{"line":6,"column":16},"end":{"line":16,"column":1}},"1":{"start":{"line":8,"column":2},"end":{"line":15,"column":3}}},"fnMap":{"0":{"name":"(anonymous_0)","decl":{"start":{"line":6,"column":16},"end":{"line":6,"column":17}},"loc":{"start":{"line":6,"column":22},"end":{"line":16,"column":1}},"line":6}},"branchMap":{},"s":{"0":4,"1":1},"f":{"0":1},"b":{},"_coverageSchema":"332fd63041d2c1bcb487cc26dd0d5f7d97098a6c","hash":"62df3b73ed98a882651c69a8ddd35b12236ba4c5"}
,"/Users/alexanderrau/Desktop/Turing/Mod3/Bread-and-roses/src/Components/MemberContainer/index.js": {"path":"/Users/alexanderrau/Desktop/Turing/Mod3/Bread-and-roses/src/Components/MemberContainer/index.js","statementMap":{"0":{"start":{"line":10,"column":4},"end":{"line":10,"column":12}},"1":{"start":{"line":12,"column":4},"end":{"line":14,"column":5}},"2":{"start":{"line":19,"column":27},"end":{"line":19,"column":37}},"3":{"start":{"line":21,"column":4},"end":{"line":25,"column":5}},"4":{"start":{"line":22,"column":6},"end":{"line":22,"column":30}},"5":{"start":{"line":23,"column":11},"end":{"line":25,"column":5}},"6":{"start":{"line":24,"column":6},"end":{"line":24,"column":29}},"7":{"start":{"line":28,"column":4},"end":{"line":36,"column":6}},"8":{"start":{"line":29,"column":22},"end":{"line":29,"column":42}},"9":{"start":{"line":30,"column":21},"end":{"line":30,"column":39}},"10":{"start":{"line":31,"column":6},"end":{"line":35,"column":7}},"11":{"start":{"line":40,"column":16},"end":{"line":40,"column":34}},"12":{"start":{"line":42,"column":4},"end":{"line":42,"column":96}},"13":{"start":{"line":42,"column":43},"end":{"line":42,"column":95}},"14":{"start":{"line":46,"column":4},"end":{"line":46,"column":26}},"15":{"start":{"line":47,"column":4},"end":{"line":47,"column":65}},"16":{"start":{"line":47,"column":40},"end":{"line":47,"column":64}},"17":{"start":{"line":51,"column":37},"end":{"line":51,"column":47}},"18":{"start":{"line":55,"column":4},"end":{"line":59,"column":5}},"19":{"start":{"line":56,"column":6},"end":{"line":56,"column":102}},"20":{"start":{"line":57,"column":11},"end":{"line":59,"column":5}},"21":{"start":{"line":58,"column":6},"end":{"line":58,"column":91}},"22":{"start":{"line":61,"column":4},"end":{"line":97,"column":5}},"23":{"start":{"line":62,"column":6},"end":{"line":65,"column":14}},"24":{"start":{"line":67,"column":6},"end":{"line":96,"column":8}},"25":{"start":{"line":69,"column":8},"end":{"line":95,"column":9}},"26":{"start":{"line":99,"column":4},"end":{"line":125,"column":5}}},"fnMap":{"0":{"name":"(anonymous_0)","decl":{"start":{"line":9,"column":2},"end":{"line":9,"column":3}},"loc":{"start":{"line":9,"column":21},"end":{"line":15,"column":3}},"line":9},"1":{"name":"(anonymous_1)","decl":{"start":{"line":17,"column":20},"end":{"line":17,"column":21}},"loc":{"start":{"line":17,"column":26},"end":{"line":37,"column":3}},"line":17},"2":{"name":"(anonymous_2)","decl":{"start":{"line":28,"column":25},"end":{"line":28,"column":26}},"loc":{"start":{"line":28,"column":34},"end":{"line":36,"column":5}},"line":28},"3":{"name":"(anonymous_3)","decl":{"start":{"line":39,"column":17},"end":{"line":39,"column":18}},"loc":{"start":{"line":39,"column":28},"end":{"line":43,"column":3}},"line":39},"4":{"name":"(anonymous_4)","decl":{"start":{"line":42,"column":37},"end":{"line":42,"column":38}},"loc":{"start":{"line":42,"column":43},"end":{"line":42,"column":95}},"line":42},"5":{"name":"(anonymous_5)","decl":{"start":{"line":45,"column":16},"end":{"line":45,"column":17}},"loc":{"start":{"line":45,"column":27},"end":{"line":48,"column":3}},"line":45},"6":{"name":"(anonymous_6)","decl":{"start":{"line":47,"column":34},"end":{"line":47,"column":35}},"loc":{"start":{"line":47,"column":40},"end":{"line":47,"column":64}},"line":47},"7":{"name":"(anonymous_7)","decl":{"start":{"line":50,"column":2},"end":{"line":50,"column":3}},"loc":{"start":{"line":50,"column":11},"end":{"line":126,"column":3}},"line":50},"8":{"name":"(anonymous_8)","decl":{"start":{"line":67,"column":29},"end":{"line":67,"column":30}},"loc":{"start":{"line":67,"column":41},"end":{"line":96,"column":7}},"line":67}},"branchMap":{"0":{"loc":{"start":{"line":21,"column":4},"end":{"line":25,"column":5}},"type":"if","locations":[{"start":{"line":21,"column":4},"end":{"line":25,"column":5}},{"start":{"line":21,"column":4},"end":{"line":25,"column":5}}],"line":21},"1":{"loc":{"start":{"line":23,"column":11},"end":{"line":25,"column":5}},"type":"if","locations":[{"start":{"line":23,"column":11},"end":{"line":25,"column":5}},{"start":{"line":23,"column":11},"end":{"line":25,"column":5}}],"line":23},"2":{"loc":{"start":{"line":55,"column":4},"end":{"line":59,"column":5}},"type":"if","locations":[{"start":{"line":55,"column":4},"end":{"line":59,"column":5}},{"start":{"line":55,"column":4},"end":{"line":59,"column":5}}],"line":55},"3":{"loc":{"start":{"line":57,"column":11},"end":{"line":59,"column":5}},"type":"if","locations":[{"start":{"line":57,"column":11},"end":{"line":59,"column":5}},{"start":{"line":57,"column":11},"end":{"line":59,"column":5}}],"line":57},"4":{"loc":{"start":{"line":61,"column":4},"end":{"line":97,"column":5}},"type":"if","locations":[{"start":{"line":61,"column":4},"end":{"line":97,"column":5}},{"start":{"line":61,"column":4},"end":{"line":97,"column":5}}],"line":61},"5":{"loc":{"start":{"line":86,"column":32},"end":{"line":86,"column":67}},"type":"cond-expr","locations":[{"start":{"line":86,"column":49},"end":{"line":86,"column":56}},{"start":{"line":86,"column":59},"end":{"line":86,"column":67}}],"line":86},"6":{"loc":{"start":{"line":87,"column":32},"end":{"line":87,"column":66}},"type":"cond-expr","locations":[{"start":{"line":87,"column":49},"end":{"line":87,"column":55}},{"start":{"line":87,"column":58},"end":{"line":87,"column":66}}],"line":87},"7":{"loc":{"start":{"line":88,"column":32},"end":{"line":88,"column":68}},"type":"cond-expr","locations":[{"start":{"line":88,"column":50},"end":{"line":88,"column":57}},{"start":{"line":88,"column":60},"end":{"line":88,"column":68}}],"line":88},"8":{"loc":{"start":{"line":89,"column":32},"end":{"line":89,"column":67}},"type":"cond-expr","locations":[{"start":{"line":89,"column":50},"end":{"line":89,"column":56}},{"start":{"line":89,"column":59},"end":{"line":89,"column":67}}],"line":89},"9":{"loc":{"start":{"line":90,"column":32},"end":{"line":90,"column":72}},"type":"cond-expr","locations":[{"start":{"line":90,"column":54},"end":{"line":90,"column":61}},{"start":{"line":90,"column":64},"end":{"line":90,"column":72}}],"line":90},"10":{"loc":{"start":{"line":91,"column":32},"end":{"line":91,"column":71}},"type":"cond-expr","locations":[{"start":{"line":91,"column":54},"end":{"line":91,"column":60}},{"start":{"line":91,"column":63},"end":{"line":91,"column":71}}],"line":91}},"s":{"0":9,"1":9,"2":14,"3":14,"4":12,"5":2,"6":2,"7":14,"8":340,"9":340,"10":340,"11":2,"12":2,"13":2,"14":2,"15":2,"16":2,"17":14,"18":14,"19":12,"20":2,"21":2,"22":14,"23":1,"24":13,"25":13,"26":14},"f":{"0":9,"1":14,"2":340,"3":2,"4":2,"5":2,"6":2,"7":14,"8":13},"b":{"0":[12,2],"1":[2,0],"2":[12,2],"3":[2,0],"4":[1,13],"5":[13,0],"6":[13,0],"7":[13,0],"8":[13,0],"9":[13,0],"10":[13,0]},"_coverageSchema":"332fd63041d2c1bcb487cc26dd0d5f7d97098a6c","hash":"58f43c47085f1dbb3eab61d18bbf9df2b88b1fe1"}
,"/Users/alexanderrau/Desktop/Turing/Mod3/Bread-and-roses/src/Components/Welcome/index.js": {"path":"/Users/alexanderrau/Desktop/Turing/Mod3/Bread-and-roses/src/Components/Welcome/index.js","statementMap":{"0":{"start":{"line":4,"column":23},"end":{"line":13,"column":1}},"1":{"start":{"line":6,"column":2},"end":{"line":12,"column":3}}},"fnMap":{"0":{"name":"(anonymous_0)","decl":{"start":{"line":4,"column":23},"end":{"line":4,"column":24}},"loc":{"start":{"line":4,"column":29},"end":{"line":13,"column":1}},"line":4}},"branchMap":{},"s":{"0":2,"1":1},"f":{"0":1},"b":{},"_coverageSchema":"332fd63041d2c1bcb487cc26dd0d5f7d97098a6c","hash":"09433df410f6cca8cb4267942ab838b10fb56e1d"}
,"/Users/alexanderrau/Desktop/Turing/Mod3/Bread-and-roses/src/Containers/HearingsContainer/index.js": {"path":"/Users/alexanderrau/Desktop/Turing/Mod3/Bread-and-roses/src/Containers/HearingsContainer/index.js","statementMap":{"0":{"start":{"line":7,"column":33},"end":{"line":39,"column":1}},"1":{"start":{"line":10,"column":2},"end":{"line":32,"column":3}},"2":{"start":{"line":11,"column":4},"end":{"line":19,"column":8}},"3":{"start":{"line":13,"column":8},"end":{"line":18,"column":9}},"4":{"start":{"line":20,"column":9},"end":{"line":32,"column":3}},"5":{"start":{"line":21,"column":4},"end":{"line":29,"column":8}},"6":{"start":{"line":23,"column":8},"end":{"line":28,"column":9}},"7":{"start":{"line":31,"column":4},"end":{"line":31,"column":30}},"8":{"start":{"line":34,"column":2},"end":{"line":38,"column":3}},"9":{"start":{"line":41,"column":31},"end":{"line":44,"column":2}},"10":{"start":{"line":41,"column":43},"end":{"line":44,"column":1}}},"fnMap":{"0":{"name":"(anonymous_0)","decl":{"start":{"line":7,"column":33},"end":{"line":7,"column":34}},"loc":{"start":{"line":7,"column":44},"end":{"line":39,"column":1}},"line":7},"1":{"name":"(anonymous_1)","decl":{"start":{"line":12,"column":31},"end":{"line":12,"column":32}},"loc":{"start":{"line":12,"column":44},"end":{"line":19,"column":7}},"line":12},"2":{"name":"(anonymous_2)","decl":{"start":{"line":22,"column":30},"end":{"line":22,"column":31}},"loc":{"start":{"line":22,"column":43},"end":{"line":29,"column":7}},"line":22},"3":{"name":"(anonymous_3)","decl":{"start":{"line":41,"column":31},"end":{"line":41,"column":32}},"loc":{"start":{"line":41,"column":43},"end":{"line":44,"column":1}},"line":41}},"branchMap":{"0":{"loc":{"start":{"line":10,"column":2},"end":{"line":32,"column":3}},"type":"if","locations":[{"start":{"line":10,"column":2},"end":{"line":32,"column":3}},{"start":{"line":10,"column":2},"end":{"line":32,"column":3}}],"line":10},"1":{"loc":{"start":{"line":10,"column":6},"end":{"line":10,"column":59}},"type":"binary-expr","locations":[{"start":{"line":10,"column":6},"end":{"line":10,"column":35}},{"start":{"line":10,"column":39},"end":{"line":10,"column":59}}],"line":10},"2":{"loc":{"start":{"line":20,"column":9},"end":{"line":32,"column":3}},"type":"if","locations":[{"start":{"line":20,"column":9},"end":{"line":32,"column":3}},{"start":{"line":20,"column":9},"end":{"line":32,"column":3}}],"line":20},"3":{"loc":{"start":{"line":20,"column":13},"end":{"line":20,"column":64}},"type":"binary-expr","locations":[{"start":{"line":20,"column":13},"end":{"line":20,"column":41}},{"start":{"line":20,"column":45},"end":{"line":20,"column":64}}],"line":20}},"s":{"0":2,"1":6,"2":4,"3":4,"4":2,"5":1,"6":1,"7":1,"8":6,"9":2,"10":1},"f":{"0":6,"1":4,"2":1,"3":1},"b":{"0":[4,2],"1":[6,4],"2":[1,1],"3":[2,1]},"_coverageSchema":"332fd63041d2c1bcb487cc26dd0d5f7d97098a6c","hash":"9b80a80ca49d835c9e0876d152e48b1f788e014e"}
,"/Users/alexanderrau/Desktop/Turing/Mod3/Bread-and-roses/src/Containers/Nav/index.js": {"path":"/Users/alexanderrau/Desktop/Turing/Mod3/Bread-and-roses/src/Containers/Nav/index.js","statementMap":{"0":{"start":{"line":12,"column":19},"end":{"line":55,"column":1}},"1":{"start":{"line":14,"column":2},"end":{"line":54,"column":3}},"2":{"start":{"line":57,"column":34},"end":{"line":62,"column":2}},"3":{"start":{"line":57,"column":49},"end":{"line":62,"column":1}},"4":{"start":{"line":58,"column":21},"end":{"line":58,"column":44}},"5":{"start":{"line":59,"column":20},"end":{"line":59,"column":42}},"6":{"start":{"line":60,"column":29},"end":{"line":60,"column":55}},"7":{"start":{"line":61,"column":28},"end":{"line":61,"column":54}}},"fnMap":{"0":{"name":"(anonymous_0)","decl":{"start":{"line":12,"column":19},"end":{"line":12,"column":20}},"loc":{"start":{"line":12,"column":30},"end":{"line":55,"column":1}},"line":12},"1":{"name":"(anonymous_1)","decl":{"start":{"line":57,"column":34},"end":{"line":57,"column":35}},"loc":{"start":{"line":57,"column":49},"end":{"line":62,"column":1}},"line":57},"2":{"name":"(anonymous_2)","decl":{"start":{"line":58,"column":15},"end":{"line":58,"column":16}},"loc":{"start":{"line":58,"column":21},"end":{"line":58,"column":44}},"line":58},"3":{"name":"(anonymous_3)","decl":{"start":{"line":59,"column":14},"end":{"line":59,"column":15}},"loc":{"start":{"line":59,"column":20},"end":{"line":59,"column":42}},"line":59},"4":{"name":"(anonymous_4)","decl":{"start":{"line":60,"column":23},"end":{"line":60,"column":24}},"loc":{"start":{"line":60,"column":29},"end":{"line":60,"column":55}},"line":60},"5":{"name":"(anonymous_5)","decl":{"start":{"line":61,"column":22},"end":{"line":61,"column":23}},"loc":{"start":{"line":61,"column":28},"end":{"line":61,"column":54}},"line":61}},"branchMap":{},"s":{"0":2,"1":5,"2":2,"3":4,"4":1,"5":1,"6":1,"7":1},"f":{"0":5,"1":4,"2":1,"3":1,"4":1,"5":1},"b":{},"_coverageSchema":"332fd63041d2c1bcb487cc26dd0d5f7d97098a6c","hash":"68c21c469ca87a2bae24daa0b15fab6e4f2a3817"}
,"/Users/alexanderrau/Desktop/Turing/Mod3/Bread-and-roses/src/Reducers/house-reducers.js": {"path":"/Users/alexanderrau/Desktop/Turing/Mod3/Bread-and-roses/src/Reducers/house-reducers.js","statementMap":{"0":{"start":{"line":1,"column":30},"end":{"line":10,"column":1}},"1":{"start":{"line":2,"column":2},"end":{"line":9,"column":3}},"2":{"start":{"line":4,"column":6},"end":{"line":4,"column":37}},"3":{"start":{"line":6,"column":6},"end":{"line":6,"column":60}},"4":{"start":{"line":6,"column":33},"end":{"line":6,"column":59}},"5":{"start":{"line":8,"column":6},"end":{"line":8,"column":19}},"6":{"start":{"line":12,"column":29},"end":{"line":19,"column":1}},"7":{"start":{"line":13,"column":2},"end":{"line":18,"column":3}},"8":{"start":{"line":15,"column":6},"end":{"line":15,"column":33}},"9":{"start":{"line":17,"column":6},"end":{"line":17,"column":18}}},"fnMap":{"0":{"name":"(anonymous_0)","decl":{"start":{"line":1,"column":30},"end":{"line":1,"column":31}},"loc":{"start":{"line":1,"column":54},"end":{"line":10,"column":1}},"line":1},"1":{"name":"(anonymous_1)","decl":{"start":{"line":6,"column":26},"end":{"line":6,"column":27}},"loc":{"start":{"line":6,"column":33},"end":{"line":6,"column":59}},"line":6},"2":{"name":"(anonymous_2)","decl":{"start":{"line":12,"column":29},"end":{"line":12,"column":30}},"loc":{"start":{"line":12,"column":53},"end":{"line":19,"column":1}},"line":12}},"branchMap":{"0":{"loc":{"start":{"line":1,"column":31},"end":{"line":1,"column":41}},"type":"default-arg","locations":[{"start":{"line":1,"column":39},"end":{"line":1,"column":41}}],"line":1},"1":{"loc":{"start":{"line":2,"column":2},"end":{"line":9,"column":3}},"type":"switch","locations":[{"start":{"line":3,"column":4},"end":{"line":4,"column":37}},{"start":{"line":5,"column":4},"end":{"line":6,"column":60}},{"start":{"line":7,"column":4},"end":{"line":8,"column":19}}],"line":2},"2":{"loc":{"start":{"line":12,"column":30},"end":{"line":12,"column":40}},"type":"default-arg","locations":[{"start":{"line":12,"column":38},"end":{"line":12,"column":40}}],"line":12},"3":{"loc":{"start":{"line":13,"column":2},"end":{"line":18,"column":3}},"type":"switch","locations":[{"start":{"line":14,"column":4},"end":{"line":15,"column":33}},{"start":{"line":16,"column":4},"end":{"line":17,"column":18}}],"line":13}},"s":{"0":1,"1":3,"2":1,"3":1,"4":2,"5":1,"6":1,"7":2,"8":1,"9":1},"f":{"0":3,"1":2,"2":2},"b":{"0":[0],"1":[1,1,1],"2":[0],"3":[1,1]},"_coverageSchema":"332fd63041d2c1bcb487cc26dd0d5f7d97098a6c","hash":"696da91936089f6d3a742ba8bd7695eb9401dc94"}
,"/Users/alexanderrau/Desktop/Turing/Mod3/Bread-and-roses/src/Reducers/index.js": {"path":"/Users/alexanderrau/Desktop/Turing/Mod3/Bread-and-roses/src/Reducers/index.js","statementMap":{"0":{"start":{"line":1,"column":0},"end":{"line":null,"column":-1}},"1":{"start":{"line":2,"column":0},"end":{"line":null,"column":-1}},"2":{"start":{"line":3,"column":0},"end":{"line":null,"column":-1}},"3":{"start":{"line":5,"column":20},"end":{"line":5,"column":0}}},"fnMap":{},"branchMap":{},"s":{"0":0,"1":0,"2":0,"3":0},"f":{},"b":{}}
,"/Users/alexanderrau/Desktop/Turing/Mod3/Bread-and-roses/src/Reducers/senate-reducers.js": {"path":"/Users/alexanderrau/Desktop/Turing/Mod3/Bread-and-roses/src/Reducers/senate-reducers.js","statementMap":{"0":{"start":{"line":1,"column":25},"end":{"line":8,"column":1}},"1":{"start":{"line":2,"column":2},"end":{"line":7,"column":3}},"2":{"start":{"line":4,"column":6},"end":{"line":4,"column":29}},"3":{"start":{"line":6,"column":6},"end":{"line":6,"column":18}},"4":{"start":{"line":10,"column":26},"end":{"line":17,"column":1}},"5":{"start":{"line":11,"column":2},"end":{"line":16,"column":3}},"6":{"start":{"line":13,"column":6},"end":{"line":13,"column":30}},"7":{"start":{"line":15,"column":6},"end":{"line":15,"column":18}},"8":{"start":{"line":19,"column":31},"end":{"line":28,"column":1}},"9":{"start":{"line":20,"column":2},"end":{"line":27,"column":3}},"10":{"start":{"line":22,"column":6},"end":{"line":22,"column":38}},"11":{"start":{"line":24,"column":6},"end":{"line":24,"column":68}},"12":{"start":{"line":24,"column":37},"end":{"line":24,"column":67}},"13":{"start":{"line":26,"column":6},"end":{"line":26,"column":19}},"14":{"start":{"line":30,"column":30},"end":{"line":37,"column":1}},"15":{"start":{"line":31,"column":2},"end":{"line":36,"column":3}},"16":{"start":{"line":33,"column":6},"end":{"line":33,"column":34}},"17":{"start":{"line":35,"column":6},"end":{"line":35,"column":18}}},"fnMap":{"0":{"name":"(anonymous_0)","decl":{"start":{"line":1,"column":25},"end":{"line":1,"column":26}},"loc":{"start":{"line":1,"column":52},"end":{"line":8,"column":1}},"line":1},"1":{"name":"(anonymous_1)","decl":{"start":{"line":10,"column":26},"end":{"line":10,"column":27}},"loc":{"start":{"line":10,"column":53},"end":{"line":17,"column":1}},"line":10},"2":{"name":"(anonymous_2)","decl":{"start":{"line":19,"column":31},"end":{"line":19,"column":32}},"loc":{"start":{"line":19,"column":55},"end":{"line":28,"column":1}},"line":19},"3":{"name":"(anonymous_3)","decl":{"start":{"line":24,"column":26},"end":{"line":24,"column":27}},"loc":{"start":{"line":24,"column":37},"end":{"line":24,"column":67}},"line":24},"4":{"name":"(anonymous_4)","decl":{"start":{"line":30,"column":30},"end":{"line":30,"column":31}},"loc":{"start":{"line":30,"column":54},"end":{"line":37,"column":1}},"line":30}},"branchMap":{"0":{"loc":{"start":{"line":1,"column":26},"end":{"line":1,"column":39}},"type":"default-arg","locations":[{"start":{"line":1,"column":34},"end":{"line":1,"column":39}}],"line":1},"1":{"loc":{"start":{"line":2,"column":2},"end":{"line":7,"column":3}},"type":"switch","locations":[{"start":{"line":3,"column":4},"end":{"line":4,"column":29}},{"start":{"line":5,"column":4},"end":{"line":6,"column":18}}],"line":2},"2":{"loc":{"start":{"line":10,"column":27},"end":{"line":10,"column":40}},"type":"default-arg","locations":[{"start":{"line":10,"column":35},"end":{"line":10,"column":40}}],"line":10},"3":{"loc":{"start":{"line":11,"column":2},"end":{"line":16,"column":3}},"type":"switch","locations":[{"start":{"line":12,"column":4},"end":{"line":13,"column":30}},{"start":{"line":14,"column":4},"end":{"line":15,"column":18}}],"line":11},"4":{"loc":{"start":{"line":19,"column":32},"end":{"line":19,"column":42}},"type":"default-arg","locations":[{"start":{"line":19,"column":40},"end":{"line":19,"column":42}}],"line":19},"5":{"loc":{"start":{"line":20,"column":2},"end":{"line":27,"column":3}},"type":"switch","locations":[{"start":{"line":21,"column":4},"end":{"line":22,"column":38}},{"start":{"line":23,"column":4},"end":{"line":24,"column":68}},{"start":{"line":25,"column":4},"end":{"line":26,"column":19}}],"line":20},"6":{"loc":{"start":{"line":30,"column":31},"end":{"line":30,"column":41}},"type":"default-arg","locations":[{"start":{"line":30,"column":39},"end":{"line":30,"column":41}}],"line":30},"7":{"loc":{"start":{"line":31,"column":2},"end":{"line":36,"column":3}},"type":"switch","locations":[{"start":{"line":32,"column":4},"end":{"line":33,"column":34}},{"start":{"line":34,"column":4},"end":{"line":35,"column":18}}],"line":31}},"s":{"0":1,"1":2,"2":1,"3":1,"4":1,"5":2,"6":1,"7":1,"8":1,"9":3,"10":1,"11":1,"12":2,"13":1,"14":1,"15":2,"16":1,"17":1},"f":{"0":2,"1":2,"2":3,"3":2,"4":2},"b":{"0":[1],"1":[1,1],"2":[1],"3":[1,1],"4":[0],"5":[1,1,1],"6":[0],"7":[1,1]},"_coverageSchema":"332fd63041d2c1bcb487cc26dd0d5f7d97098a6c","hash":"c106730657d57389b7214c18505238a6b4818855"}
,"/Users/alexanderrau/Desktop/Turing/Mod3/Bread-and-roses/src/Thunks/fetchHouse.js": {"path":"/Users/alexanderrau/Desktop/Turing/Mod3/Bread-and-roses/src/Thunks/fetchHouse.js","statementMap":{"0":{"start":{"line":5,"column":26},"end":{"line":26,"column":1}},"1":{"start":{"line":7,"column":2},"end":{"line":25,"column":3}},"2":{"start":{"line":8,"column":4},"end":{"line":24,"column":5}},"3":{"start":{"line":9,"column":6},"end":{"line":9,"column":31}},"4":{"start":{"line":10,"column":24},"end":{"line":10,"column":40}},"5":{"start":{"line":11,"column":6},"end":{"line":13,"column":7}},"6":{"start":{"line":12,"column":8},"end":{"line":12,"column":34}},"7":{"start":{"line":14,"column":33},"end":{"line":18,"column":8}},"8":{"start":{"line":15,"column":28},"end":{"line":15,"column":61}},"9":{"start":{"line":16,"column":26},"end":{"line":16,"column":64}},"10":{"start":{"line":17,"column":8},"end":{"line":17,"column":24}},"11":{"start":{"line":19,"column":28},"end":{"line":19,"column":65}},"12":{"start":{"line":20,"column":6},"end":{"line":20,"column":43}},"13":{"start":{"line":22,"column":6},"end":{"line":22,"column":24}},"14":{"start":{"line":23,"column":6},"end":{"line":23,"column":32}}},"fnMap":{"0":{"name":"(anonymous_0)","decl":{"start":{"line":5,"column":26},"end":{"line":5,"column":27}},"loc":{"start":{"line":5,"column":32},"end":{"line":26,"column":1}},"line":5},"1":{"name":"(anonymous_1)","decl":{"start":{"line":7,"column":9},"end":{"line":7,"column":10}},"loc":{"start":{"line":7,"column":29},"end":{"line":25,"column":3}},"line":7},"2":{"name":"(anonymous_2)","decl":{"start":{"line":14,"column":48},"end":{"line":14,"column":49}},"loc":{"start":{"line":14,"column":66},"end":{"line":18,"column":7}},"line":14}},"branchMap":{"0":{"loc":{"start":{"line":11,"column":6},"end":{"line":13,"column":7}},"type":"if","locations":[{"start":{"line":11,"column":6},"end":{"line":13,"column":7}},{"start":{"line":11,"column":6},"end":{"line":13,"column":7}}],"line":11}},"s":{"0":3,"1":8,"2":6,"3":6,"4":6,"5":4,"6":3,"7":4,"8":3,"9":3,"10":3,"11":3,"12":3,"13":2,"14":2},"f":{"0":8,"1":6,"2":3},"b":{"0":[3,1]},"_coverageSchema":"332fd63041d2c1bcb487cc26dd0d5f7d97098a6c","hash":"66c7a245cf5552685fd9ccc6a25386189f9ce596"}
,"/Users/alexanderrau/Desktop/Turing/Mod3/Bread-and-roses/src/Thunks/fetchSenate.js": {"path":"/Users/alexanderrau/Desktop/Turing/Mod3/Bread-and-roses/src/Thunks/fetchSenate.js","statementMap":{"0":{"start":{"line":5,"column":27},"end":{"line":26,"column":1}},"1":{"start":{"line":7,"column":2},"end":{"line":25,"column":3}},"2":{"start":{"line":8,"column":4},"end":{"line":24,"column":5}},"3":{"start":{"line":9,"column":6},"end":{"line":9,"column":31}},"4":{"start":{"line":10,"column":25},"end":{"line":10,"column":42}},"5":{"start":{"line":11,"column":6},"end":{"line":13,"column":7}},"6":{"start":{"line":12,"column":8},"end":{"line":12,"column":34}},"7":{"start":{"line":14,"column":33},"end":{"line":18,"column":8}},"8":{"start":{"line":15,"column":28},"end":{"line":15,"column":61}},"9":{"start":{"line":16,"column":26},"end":{"line":16,"column":64}},"10":{"start":{"line":17,"column":8},"end":{"line":17,"column":24}},"11":{"start":{"line":19,"column":29},"end":{"line":19,"column":66}},"12":{"start":{"line":20,"column":6},"end":{"line":20,"column":45}},"13":{"start":{"line":22,"column":6},"end":{"line":22,"column":24}},"14":{"start":{"line":23,"column":6},"end":{"line":23,"column":32}}},"fnMap":{"0":{"name":"(anonymous_0)","decl":{"start":{"line":5,"column":27},"end":{"line":5,"column":28}},"loc":{"start":{"line":5,"column":33},"end":{"line":26,"column":1}},"line":5},"1":{"name":"(anonymous_1)","decl":{"start":{"line":7,"column":9},"end":{"line":7,"column":10}},"loc":{"start":{"line":7,"column":29},"end":{"line":25,"column":3}},"line":7},"2":{"name":"(anonymous_2)","decl":{"start":{"line":14,"column":49},"end":{"line":14,"column":50}},"loc":{"start":{"line":14,"column":67},"end":{"line":18,"column":7}},"line":14}},"branchMap":{"0":{"loc":{"start":{"line":11,"column":6},"end":{"line":13,"column":7}},"type":"if","locations":[{"start":{"line":11,"column":6},"end":{"line":13,"column":7}},{"start":{"line":11,"column":6},"end":{"line":13,"column":7}}],"line":11}},"s":{"0":3,"1":8,"2":6,"3":6,"4":6,"5":5,"6":4,"7":5,"8":27,"9":2,"10":2,"11":4,"12":2,"13":3,"14":3},"f":{"0":8,"1":6,"2":27},"b":{"0":[4,1]},"_coverageSchema":"332fd63041d2c1bcb487cc26dd0d5f7d97098a6c","hash":"90171e9bec13e9d0d62c4b720140cc4f07cf2696"}
,"/Users/alexanderrau/Desktop/Turing/Mod3/Bread-and-roses/src/Thunks/houseHearings.js": {"path":"/Users/alexanderrau/Desktop/Turing/Mod3/Bread-and-roses/src/Thunks/houseHearings.js","statementMap":{"0":{"start":{"line":5,"column":30},"end":{"line":20,"column":1}},"1":{"start":{"line":7,"column":2},"end":{"line":19,"column":3}},"2":{"start":{"line":8,"column":4},"end":{"line":18,"column":5}},"3":{"start":{"line":9,"column":6},"end":{"line":9,"column":31}},"4":{"start":{"line":10,"column":28},"end":{"line":10,"column":54}},"5":{"start":{"line":11,"column":6},"end":{"line":13,"column":7}},"6":{"start":{"line":12,"column":8},"end":{"line":12,"column":34}},"7":{"start":{"line":14,"column":6},"end":{"line":14,"column":47}},"8":{"start":{"line":16,"column":6},"end":{"line":16,"column":24}},"9":{"start":{"line":17,"column":6},"end":{"line":17,"column":32}}},"fnMap":{"0":{"name":"(anonymous_0)","decl":{"start":{"line":5,"column":30},"end":{"line":5,"column":31}},"loc":{"start":{"line":5,"column":36},"end":{"line":20,"column":1}},"line":5},"1":{"name":"(anonymous_1)","decl":{"start":{"line":7,"column":9},"end":{"line":7,"column":10}},"loc":{"start":{"line":7,"column":29},"end":{"line":19,"column":3}},"line":7}},"branchMap":{"0":{"loc":{"start":{"line":11,"column":6},"end":{"line":13,"column":7}},"type":"if","locations":[{"start":{"line":11,"column":6},"end":{"line":13,"column":7}},{"start":{"line":11,"column":6},"end":{"line":13,"column":7}}],"line":11}},"s":{"0":3,"1":6,"2":5,"3":5,"4":5,"5":3,"6":2,"7":3,"8":1,"9":1},"f":{"0":6,"1":5},"b":{"0":[2,1]},"_coverageSchema":"332fd63041d2c1bcb487cc26dd0d5f7d97098a6c","hash":"25c5271042e53ae9e40ba6ec47e929d8c2a0dbfd"}
,"/Users/alexanderrau/Desktop/Turing/Mod3/Bread-and-roses/src/Thunks/senateHearings.js": {"path":"/Users/alexanderrau/Desktop/Turing/Mod3/Bread-and-roses/src/Thunks/senateHearings.js","statementMap":{"0":{"start":{"line":5,"column":30},"end":{"line":20,"column":1}},"1":{"start":{"line":7,"column":2},"end":{"line":19,"column":3}},"2":{"start":{"line":8,"column":4},"end":{"line":18,"column":5}},"3":{"start":{"line":9,"column":6},"end":{"line":9,"column":31}},"4":{"start":{"line":10,"column":29},"end":{"line":10,"column":56}},"5":{"start":{"line":11,"column":6},"end":{"line":13,"column":7}},"6":{"start":{"line":12,"column":8},"end":{"line":12,"column":34}},"7":{"start":{"line":14,"column":6},"end":{"line":14,"column":49}},"8":{"start":{"line":16,"column":6},"end":{"line":16,"column":24}},"9":{"start":{"line":17,"column":6},"end":{"line":17,"column":32}}},"fnMap":{"0":{"name":"(anonymous_0)","decl":{"start":{"line":5,"column":30},"end":{"line":5,"column":31}},"loc":{"start":{"line":5,"column":36},"end":{"line":20,"column":1}},"line":5},"1":{"name":"(anonymous_1)","decl":{"start":{"line":7,"column":9},"end":{"line":7,"column":10}},"loc":{"start":{"line":7,"column":29},"end":{"line":19,"column":3}},"line":7}},"branchMap":{"0":{"loc":{"start":{"line":11,"column":6},"end":{"line":13,"column":7}},"type":"if","locations":[{"start":{"line":11,"column":6},"end":{"line":13,"column":7}},{"start":{"line":11,"column":6},"end":{"line":13,"column":7}}],"line":11}},"s":{"0":3,"1":6,"2":5,"3":5,"4":5,"5":3,"6":2,"7":3,"8":1,"9":1},"f":{"0":6,"1":5},"b":{"0":[2,1]},"_coverageSchema":"332fd63041d2c1bcb487cc26dd0d5f7d97098a6c","hash":"c21d218acbd1346cbd395049c8fa8dcad267ab70"}
,"/Users/alexanderrau/Desktop/Turing/Mod3/Bread-and-roses/src/Utils/cardImages.js": {"path":"/Users/alexanderrau/Desktop/Turing/Mod3/Bread-and-roses/src/Utils/cardImages.js","statementMap":{"0":{"start":{"line":1,"column":18},"end":{"line":66,"column":1}}},"fnMap":{},"branchMap":{},"s":{"0":2},"f":{},"b":{},"_coverageSchema":"332fd63041d2c1bcb487cc26dd0d5f7d97098a6c","hash":"914100f549d6cd21e637adb32dbfef32ecd7b5fb"}
,"/Users/alexanderrau/Desktop/Turing/Mod3/Bread-and-roses/src/Utils/stateList.js": {"path":"/Users/alexanderrau/Desktop/Turing/Mod3/Bread-and-roses/src/Utils/stateList.js","statementMap":{"0":{"start":{"line":1,"column":28},"end":{"line":26,"column":3}},"1":{"start":{"line":28,"column":27},"end":{"line":55,"column":3}}},"fnMap":{},"branchMap":{},"s":{"0":2,"1":2},"f":{},"b":{},"_coverageSchema":"332fd63041d2c1bcb487cc26dd0d5f7d97098a6c","hash":"f9ca77b01eaec1944d5a4fcb4e1a634370c5d7c0"}
,"/Users/alexanderrau/Desktop/Turing/Mod3/Bread-and-roses/src/Utils/API/API.js": {"path":"/Users/alexanderrau/Desktop/Turing/Mod3/Bread-and-roses/src/Utils/API/API.js","statementMap":{"0":{"start":{"line":3,"column":25},"end":{"line":20,"column":1}},"1":{"start":{"line":5,"column":19},"end":{"line":8,"column":4}},"2":{"start":{"line":9,"column":17},"end":{"line":9,"column":38}},"3":{"start":{"line":10,"column":25},"end":{"line":10,"column":58}},"4":{"start":{"line":11,"column":25},"end":{"line":18,"column":4}},"5":{"start":{"line":12,"column":4},"end":{"line":17,"column":5}},"6":{"start":{"line":19,"column":2},"end":{"line":19,"column":23}},"7":{"start":{"line":22,"column":24},"end":{"line":39,"column":1}},"8":{"start":{"line":24,"column":19},"end":{"line":27,"column":4}},"9":{"start":{"line":28,"column":17},"end":{"line":28,"column":38}},"10":{"start":{"line":29,"column":25},"end":{"line":29,"column":58}},"11":{"start":{"line":30,"column":25},"end":{"line":37,"column":4}},"12":{"start":{"line":31,"column":4},"end":{"line":36,"column":5}},"13":{"start":{"line":38,"column":2},"end":{"line":38,"column":23}},"14":{"start":{"line":41,"column":32},"end":{"line":56,"column":1}},"15":{"start":{"line":43,"column":19},"end":{"line":46,"column":4}},"16":{"start":{"line":47,"column":17},"end":{"line":47,"column":38}},"17":{"start":{"line":48,"column":28},"end":{"line":48,"column":45}},"18":{"start":{"line":49,"column":29},"end":{"line":54,"column":3}},"19":{"start":{"line":55,"column":2},"end":{"line":55,"column":27}},"20":{"start":{"line":58,"column":35},"end":{"line":73,"column":1}},"21":{"start":{"line":60,"column":19},"end":{"line":63,"column":4}},"22":{"start":{"line":64,"column":17},"end":{"line":64,"column":38}},"23":{"start":{"line":65,"column":19},"end":{"line":65,"column":36}},"24":{"start":{"line":66,"column":26},"end":{"line":71,"column":4}},"25":{"start":{"line":67,"column":4},"end":{"line":70,"column":5}},"26":{"start":{"line":72,"column":2},"end":{"line":72,"column":24}},"27":{"start":{"line":75,"column":34},"end":{"line":90,"column":1}},"28":{"start":{"line":77,"column":19},"end":{"line":80,"column":4}},"29":{"start":{"line":81,"column":17},"end":{"line":81,"column":38}},"30":{"start":{"line":82,"column":19},"end":{"line":82,"column":36}},"31":{"start":{"line":83,"column":26},"end":{"line":88,"column":4}},"32":{"start":{"line":84,"column":4},"end":{"line":87,"column":5}},"33":{"start":{"line":89,"column":2},"end":{"line":89,"column":24}}},"fnMap":{"0":{"name":"(anonymous_0)","decl":{"start":{"line":3,"column":25},"end":{"line":3,"column":26}},"loc":{"start":{"line":3,"column":37},"end":{"line":20,"column":1}},"line":3},"1":{"name":"(anonymous_1)","decl":{"start":{"line":11,"column":44},"end":{"line":11,"column":45}},"loc":{"start":{"line":11,"column":56},"end":{"line":18,"column":3}},"line":11},"2":{"name":"(anonymous_2)","decl":{"start":{"line":22,"column":24},"end":{"line":22,"column":25}},"loc":{"start":{"line":22,"column":36},"end":{"line":39,"column":1}},"line":22},"3":{"name":"(anonymous_3)","decl":{"start":{"line":30,"column":44},"end":{"line":30,"column":45}},"loc":{"start":{"line":30,"column":56},"end":{"line":37,"column":3}},"line":30},"4":{"name":"(anonymous_4)","decl":{"start":{"line":41,"column":32},"end":{"line":41,"column":33}},"loc":{"start":{"line":41,"column":52},"end":{"line":56,"column":1}},"line":41},"5":{"name":"(anonymous_5)","decl":{"start":{"line":58,"column":35},"end":{"line":58,"column":36}},"loc":{"start":{"line":58,"column":47},"end":{"line":73,"column":1}},"line":58},"6":{"name":"(anonymous_6)","decl":{"start":{"line":66,"column":48},"end":{"line":66,"column":49}},"loc":{"start":{"line":66,"column":61},"end":{"line":71,"column":3}},"line":66},"7":{"name":"(anonymous_7)","decl":{"start":{"line":75,"column":34},"end":{"line":75,"column":35}},"loc":{"start":{"line":75,"column":46},"end":{"line":90,"column":1}},"line":75},"8":{"name":"(anonymous_8)","decl":{"start":{"line":83,"column":48},"end":{"line":83,"column":49}},"loc":{"start":{"line":83,"column":61},"end":{"line":88,"column":3}},"line":83}},"branchMap":{},"s":{"0":4,"1":3,"2":3,"3":3,"4":3,"5":26,"6":3,"7":4,"8":3,"9":2,"10":2,"11":2,"12":2,"13":2,"14":4,"15":27,"16":3,"17":3,"18":2,"19":2,"20":4,"21":3,"22":2,"23":2,"24":2,"25":2,"26":2,"27":4,"28":3,"29":2,"30":2,"31":2,"32":2,"33":2},"f":{"0":3,"1":26,"2":3,"3":2,"4":27,"5":3,"6":2,"7":3,"8":2},"b":{},"_coverageSchema":"332fd63041d2c1bcb487cc26dd0d5f7d97098a6c","hash":"a94f4c7a0f95ff208ec04db23f5b05f0a4f4eb7f"}
,"/Users/alexanderrau/Desktop/Turing/Mod3/Bread-and-roses/src/Utils/API/key.js": {"path":"/Users/alexanderrau/Desktop/Turing/Mod3/Bread-and-roses/src/Utils/API/key.js","statementMap":{"0":{"start":{"line":1,"column":12},"end":{"line":1,"column":54}}},"fnMap":{},"branchMap":{},"s":{"0":4},"f":{},"b":{},"_coverageSchema":"332fd63041d2c1bcb487cc26dd0d5f7d97098a6c","hash":"24a9eef0661ac3bc5900bcf2351aeec70d0543dd"}
}
