TN:
SF:/Users/alexanderrau/Desktop/Turing/Mod3/Bread-and-roses/src/index.js
FNF:0
FNH:0
DA:1,0
DA:2,0
DA:3,0
DA:4,0
DA:5,0
DA:6,0
DA:7,0
DA:8,0
DA:9,0
DA:10,0
DA:11,0
DA:13,0
DA:25,0
LF:13
LH:0
BRF:0
BRH:0
end_of_record
TN:
SF:/Users/alexanderrau/Desktop/Turing/Mod3/Bread-and-roses/src/serviceWorker.js
FN:23,register
FN:34,(anonymous_1)
FN:43,(anonymous_2)
FN:57,registerValidSW
FN:60,(anonymous_4)
FN:61,(anonymous_5)
FN:66,(anonymous_6)
FN:96,(anonymous_7)
FN:101,checkValidServiceWorker
FN:104,(anonymous_9)
FN:112,(anonymous_10)
FN:113,(anonymous_11)
FN:122,(anonymous_12)
FN:129,unregister
FN:131,(anonymous_14)
FNF:15
FNH:0
FNDA:0,register
FNDA:0,(anonymous_1)
FNDA:0,(anonymous_2)
FNDA:0,registerValidSW
FNDA:0,(anonymous_4)
FNDA:0,(anonymous_5)
FNDA:0,(anonymous_6)
FNDA:0,(anonymous_7)
FNDA:0,checkValidServiceWorker
FNDA:0,(anonymous_9)
FNDA:0,(anonymous_10)
FNDA:0,(anonymous_11)
FNDA:0,(anonymous_12)
FNDA:0,unregister
FNDA:0,(anonymous_14)
DA:13,0
DA:24,0
DA:26,0
DA:27,0
DA:31,0
DA:34,0
DA:35,0
DA:37,0
DA:39,0
DA:43,0
DA:44,0
DA:51,0
DA:58,0
DA:61,0
DA:62,0
DA:63,0
DA:64,0
DA:66,0
DA:67,0
DA:68,0
DA:72,0
DA:78,0
DA:79,0
DA:85,0
DA:88,0
DA:89,0
DA:97,0
DA:103,0
DA:106,0
DA:107,0
DA:112,0
DA:113,0
DA:114,0
DA:119,0
DA:123,0
DA:130,0
DA:131,0
DA:132,0
LF:38
LH:0
BRDA:14,0,0,0
BRDA:14,0,1,0
BRDA:14,0,2,0
BRDA:24,1,0,0
BRDA:24,1,1,0
BRDA:24,2,0,0
BRDA:24,2,1,0
BRDA:27,3,0,0
BRDA:27,3,1,0
BRDA:37,4,0,0
BRDA:37,4,1,0
BRDA:63,5,0,0
BRDA:63,5,1,0
BRDA:67,6,0,0
BRDA:67,6,1,0
BRDA:68,7,0,0
BRDA:68,7,1,0
BRDA:78,8,0,0
BRDA:78,8,1,0
BRDA:78,9,0,0
BRDA:78,9,1,0
BRDA:88,10,0,0
BRDA:88,10,1,0
BRDA:88,11,0,0
BRDA:88,11,1,0
BRDA:107,12,0,0
BRDA:107,12,1,0
BRDA:108,13,0,0
BRDA:108,13,1,0
BRDA:108,13,2,0
BRDA:130,14,0,0
BRDA:130,14,1,0
BRF:32
BRH:0
end_of_record
TN:
SF:/Users/alexanderrau/Desktop/Turing/Mod3/Bread-and-roses/src/setupTests.js
FNF:0
FNH:0
DA:4,11
LF:1
LH:1
BRF:0
BRH:0
end_of_record
TN:
SF:/Users/alexanderrau/Desktop/Turing/Mod3/Bread-and-roses/src/Actions/house-actions.js
FN:1,(anonymous_0)
FN:6,(anonymous_1)
FN:11,(anonymous_2)
FNF:3
FNH:3
FNDA:1,(anonymous_0)
FNDA:3,(anonymous_1)
FNDA:2,(anonymous_2)
DA:1,5
DA:6,5
DA:11,5
LF:3
LH:3
BRF:0
BRH:0
end_of_record
TN:
SF:/Users/alexanderrau/Desktop/Turing/Mod3/Bread-and-roses/src/Actions/index.js
FN:1,(anonymous_0)
FN:6,(anonymous_1)
FNF:2
FNH:2
FNDA:13,(anonymous_0)
FNDA:3,(anonymous_1)
DA:1,13
DA:6,5
LF:2
LH:2
BRF:0
BRH:0
end_of_record
TN:
SF:/Users/alexanderrau/Desktop/Turing/Mod3/Bread-and-roses/src/Actions/senate-actions.js
FN:1,(anonymous_0)
FN:6,(anonymous_1)
FN:11,(anonymous_2)
FNF:3
FNH:3
FNDA:1,(anonymous_0)
FNDA:3,(anonymous_1)
FNDA:2,(anonymous_2)
DA:1,5
DA:6,5
DA:11,5
LF:3
LH:3
BRF:0
BRH:0
end_of_record
TN:
SF:/Users/alexanderrau/Desktop/Turing/Mod3/Bread-and-roses/src/App/App.js
FN:16,(anonymous_0)
FN:20,(anonymous_1)
FN:30,(anonymous_2)
FN:36,(anonymous_3)
FN:40,(anonymous_4)
FN:46,(anonymous_5)
FN:58,(anonymous_6)
FN:75,(anonymous_7)
FN:80,(anonymous_8)
FN:81,(anonymous_9)
FN:82,(anonymous_10)
FN:83,(anonymous_11)
FN:84,(anonymous_12)
FNF:13
FNH:8
FNDA:6,(anonymous_0)
FNDA:0,(anonymous_1)
FNDA:0,(anonymous_2)
FNDA:6,(anonymous_3)
FNDA:0,(anonymous_4)
FNDA:0,(anonymous_5)
FNDA:0,(anonymous_6)
FNDA:1,(anonymous_7)
FNDA:4,(anonymous_8)
FNDA:1,(anonymous_9)
FNDA:1,(anonymous_10)
FNDA:1,(anonymous_11)
FNDA:1,(anonymous_12)
DA:17,6
DA:21,0
DA:23,0
DA:24,0
DA:25,0
DA:26,0
DA:31,0
DA:32,0
DA:33,0
DA:37,6
DA:41,0
DA:47,0
DA:59,0
DA:75,1
DA:80,4
DA:81,1
DA:82,1
DA:83,1
DA:84,1
LF:19
LH:8
BRDA:23,0,0,0
BRDA:23,0,1,0
BRDA:25,1,0,0
BRDA:25,1,1,0
BRF:4
BRH:0
end_of_record
TN:
SF:/Users/alexanderrau/Desktop/Turing/Mod3/Bread-and-roses/src/Components/LandingPage/index.js
FN:7,(anonymous_0)
FNF:1
FNH:1
FNDA:1,(anonymous_0)
DA:7,2
DA:9,1
LF:2
LH:2
BRF:0
BRH:0
end_of_record
TN:
SF:/Users/alexanderrau/Desktop/Turing/Mod3/Bread-and-roses/src/Components/Loading/index.js
FN:6,(anonymous_0)
FNF:1
FNH:1
FNDA:1,(anonymous_0)
DA:6,4
DA:8,1
LF:2
LH:2
BRF:0
BRH:0
end_of_record
TN:
SF:/Users/alexanderrau/Desktop/Turing/Mod3/Bread-and-roses/src/Components/MemberContainer/index.js
FN:9,(anonymous_0)
FN:13,(anonymous_1)
FN:24,(anonymous_2)
FN:35,(anonymous_3)
FN:40,(anonymous_4)
FN:57,(anonymous_5)
FNF:6
FNH:6
FNDA:6,(anonymous_0)
FNDA:6,(anonymous_1)
FNDA:148,(anonymous_2)
FNDA:1,(anonymous_3)
FNDA:6,(anonymous_4)
FNDA:5,(anonymous_5)
DA:10,6
DA:15,6
DA:17,6
DA:18,4
DA:19,2
DA:20,2
DA:24,6
DA:25,148
DA:26,148
DA:27,148
DA:36,1
DA:37,1
DA:41,6
DA:45,6
DA:46,4
DA:47,2
DA:48,2
DA:51,6
DA:52,1
DA:57,5
DA:59,5
DA:89,6
LF:22
LH:22
BRDA:17,0,0,4
BRDA:17,0,1,2
BRDA:19,1,0,2
BRDA:19,1,1,0
BRDA:45,2,0,4
BRDA:45,2,1,2
BRDA:47,3,0,2
BRDA:47,3,1,0
BRDA:51,4,0,1
BRDA:51,4,1,5
BRDA:76,5,0,5
BRDA:76,5,1,0
BRDA:77,6,0,5
BRDA:77,6,1,0
BRDA:78,7,0,5
BRDA:78,7,1,0
BRDA:79,8,0,5
BRDA:79,8,1,0
BRDA:80,9,0,5
BRDA:80,9,1,0
BRDA:81,10,0,5
BRDA:81,10,1,0
BRF:22
BRH:14
end_of_record
TN:
SF:/Users/alexanderrau/Desktop/Turing/Mod3/Bread-and-roses/src/Components/Welcome/index.js
FN:4,(anonymous_0)
FNF:1
FNH:1
FNDA:1,(anonymous_0)
DA:4,2
DA:6,1
LF:2
LH:2
BRF:0
BRH:0
end_of_record
TN:
SF:/Users/alexanderrau/Desktop/Turing/Mod3/Bread-and-roses/src/Containers/HearingsContainer/index.js
FN:7,(anonymous_0)
FN:12,(anonymous_1)
FN:22,(anonymous_2)
FN:41,(anonymous_3)
FNF:4
FNH:2
FNDA:6,(anonymous_0)
FNDA:0,(anonymous_1)
FNDA:0,(anonymous_2)
FNDA:1,(anonymous_3)
DA:7,2
DA:10,6
DA:11,0
DA:13,0
DA:20,6
DA:21,0
DA:23,0
DA:31,6
DA:34,6
DA:41,2
LF:10
LH:6
BRDA:10,0,0,0
BRDA:10,0,1,6
BRDA:10,1,0,6
BRDA:10,1,1,4
BRDA:20,2,0,0
BRDA:20,2,1,6
BRDA:20,3,0,6
BRDA:20,3,1,1
BRF:8
BRH:6
end_of_record
TN:
SF:/Users/alexanderrau/Desktop/Turing/Mod3/Bread-and-roses/src/Containers/Nav/index.js
FN:12,(anonymous_0)
FN:57,(anonymous_1)
FN:58,(anonymous_2)
FN:59,(anonymous_3)
FN:60,(anonymous_4)
FN:61,(anonymous_5)
FNF:6
FNH:6
FNDA:5,(anonymous_0)
FNDA:4,(anonymous_1)
FNDA:1,(anonymous_2)
FNDA:1,(anonymous_3)
FNDA:1,(anonymous_4)
FNDA:1,(anonymous_5)
DA:12,2
DA:14,5
DA:57,4
DA:58,1
DA:59,1
DA:60,1
DA:61,1
LF:7
LH:7
BRF:0
BRH:0
end_of_record
TN:
SF:/Users/alexanderrau/Desktop/Turing/Mod3/Bread-and-roses/src/Reducers/house-reducers.js
FN:1,(anonymous_0)
FN:6,(anonymous_1)
FN:12,(anonymous_2)
FNF:3
FNH:3
FNDA:3,(anonymous_0)
FNDA:2,(anonymous_1)
FNDA:2,(anonymous_2)
DA:1,1
DA:2,3
DA:4,1
DA:6,2
DA:8,1
DA:12,1
DA:13,2
DA:15,1
DA:17,1
LF:9
LH:9
BRDA:1,0,0,0
BRDA:2,1,0,1
BRDA:2,1,1,1
BRDA:2,1,2,1
BRDA:12,2,0,0
BRDA:13,3,0,1
BRDA:13,3,1,1
BRF:7
BRH:5
end_of_record
TN:
SF:/Users/alexanderrau/Desktop/Turing/Mod3/Bread-and-roses/src/Reducers/index.js
FNF:0
FNH:0
DA:1,0
DA:2,0
DA:3,0
DA:5,0
LF:4
LH:0
BRF:0
BRH:0
end_of_record
TN:
SF:/Users/alexanderrau/Desktop/Turing/Mod3/Bread-and-roses/src/Reducers/senate-reducers.js
FN:1,(anonymous_0)
FN:10,(anonymous_1)
FN:19,(anonymous_2)
FN:24,(anonymous_3)
FN:30,(anonymous_4)
FNF:5
FNH:5
FNDA:2,(anonymous_0)
FNDA:2,(anonymous_1)
FNDA:3,(anonymous_2)
FNDA:2,(anonymous_3)
FNDA:2,(anonymous_4)
DA:1,1
DA:2,2
DA:4,1
DA:6,1
DA:10,1
DA:11,2
DA:13,1
DA:15,1
DA:19,1
DA:20,3
DA:22,1
DA:24,2
DA:26,1
DA:30,1
DA:31,2
DA:33,1
DA:35,1
LF:17
LH:17
BRDA:1,0,0,1
BRDA:2,1,0,1
BRDA:2,1,1,1
BRDA:10,2,0,1
BRDA:11,3,0,1
BRDA:11,3,1,1
BRDA:19,4,0,0
BRDA:20,5,0,1
BRDA:20,5,1,1
BRDA:20,5,2,1
BRDA:30,6,0,0
BRDA:31,7,0,1
BRDA:31,7,1,1
BRF:13
BRH:11
end_of_record
TN:
SF:/Users/alexanderrau/Desktop/Turing/Mod3/Bread-and-roses/src/Thunks/fetchHouse.js
FN:5,(anonymous_0)
FN:7,(anonymous_1)
FN:14,(anonymous_2)
FNF:3
FNH:2
FNDA:4,(anonymous_0)
FNDA:2,(anonymous_1)
FNDA:0,(anonymous_2)
DA:5,3
DA:7,4
DA:8,2
DA:9,2
DA:10,2
DA:11,1
DA:12,0
DA:14,1
DA:15,0
DA:16,0
DA:17,0
DA:19,0
DA:20,0
DA:22,1
DA:23,1
LF:15
LH:9
BRDA:11,0,0,0
BRDA:11,0,1,1
BRF:2
BRH:1
end_of_record
TN:
SF:/Users/alexanderrau/Desktop/Turing/Mod3/Bread-and-roses/src/Thunks/fetchSenate.js
FN:5,(anonymous_0)
FN:7,(anonymous_1)
FN:14,(anonymous_2)
FNF:3
FNH:2
FNDA:4,(anonymous_0)
FNDA:2,(anonymous_1)
FNDA:0,(anonymous_2)
DA:5,3
DA:7,4
DA:8,2
DA:9,2
DA:10,2
DA:11,1
DA:12,0
DA:14,1
DA:15,0
DA:16,0
DA:17,0
DA:19,0
DA:20,0
DA:22,1
DA:23,1
LF:15
LH:9
BRDA:11,0,0,0
BRDA:11,0,1,1
BRF:2
BRH:1
end_of_record
TN:
SF:/Users/alexanderrau/Desktop/Turing/Mod3/Bread-and-roses/src/Thunks/houseHearings.js
FN:5,(anonymous_0)
FN:7,(anonymous_1)
FNF:2
FNH:2
FNDA:3,(anonymous_0)
FNDA:2,(anonymous_1)
DA:5,3
DA:7,3
DA:8,2
DA:9,2
DA:10,2
DA:11,1
DA:12,0
DA:14,1
DA:16,0
DA:17,0
LF:10
LH:7
BRDA:11,0,0,0
BRDA:11,0,1,1
BRF:2
BRH:1
end_of_record
TN:
SF:/Users/alexanderrau/Desktop/Turing/Mod3/Bread-and-roses/src/Thunks/senateHearings.js
FN:5,(anonymous_0)
FN:7,(anonymous_1)
FNF:2
FNH:2
FNDA:3,(anonymous_0)
FNDA:2,(anonymous_1)
DA:5,3
DA:7,3
DA:8,2
DA:9,2
DA:10,2
DA:11,1
DA:12,0
DA:14,1
DA:16,0
DA:17,0
LF:10
LH:7
BRDA:11,0,0,0
BRDA:11,0,1,1
BRF:2
BRH:1
end_of_record
TN:
SF:/Users/alexanderrau/Desktop/Turing/Mod3/Bread-and-roses/src/Utils/cardImages.js
FNF:0
FNH:0
DA:1,2
LF:1
LH:1
BRF:0
BRH:0
end_of_record
TN:
SF:/Users/alexanderrau/Desktop/Turing/Mod3/Bread-and-roses/src/Utils/stateList.js
FNF:0
FNH:0
DA:1,2
DA:28,2
LF:2
LH:2
BRF:0
BRH:0
end_of_record
TN:
SF:/Users/alexanderrau/Desktop/Turing/Mod3/Bread-and-roses/src/Utils/API/API.js
FN:3,(anonymous_0)
FN:11,(anonymous_1)
FN:22,(anonymous_2)
FN:30,(anonymous_3)
FN:41,(anonymous_4)
FN:58,(anonymous_5)
FN:66,(anonymous_6)
FN:75,(anonymous_7)
FN:83,(anonymous_8)
FNF:9
FNH:9
FNDA:3,(anonymous_0)
FNDA:2,(anonymous_1)
FNDA:3,(anonymous_2)
FNDA:2,(anonymous_3)
FNDA:2,(anonymous_4)
FNDA:3,(anonymous_5)
FNDA:2,(anonymous_6)
FNDA:3,(anonymous_7)
FNDA:2,(anonymous_8)
DA:3,4
DA:5,3
DA:9,2
DA:10,2
DA:11,2
DA:12,2
DA:19,2
DA:22,4
DA:24,3
DA:28,2
DA:29,2
DA:30,2
DA:31,2
DA:38,2
DA:41,4
DA:43,2
DA:47,2
DA:48,2
DA:49,2
DA:55,2
DA:58,4
DA:60,3
DA:64,2
DA:65,2
DA:66,2
DA:67,2
DA:72,2
DA:75,4
DA:77,3
DA:81,2
DA:82,2
DA:83,2
DA:84,2
DA:89,2
LF:34
LH:34
BRF:0
BRH:0
end_of_record
TN:
SF:/Users/alexanderrau/Desktop/Turing/Mod3/Bread-and-roses/src/Utils/API/key.js
FNF:0
FNH:0
DA:1,4
LF:1
LH:1
BRF:0
BRH:0
end_of_record
