TN:
SF:/Users/alexanderrau/Desktop/Turing/Mod3/Bread-and-roses/src/index.js
FNF:0
FNH:0
DA:1,0
DA:2,0
DA:3,0
DA:4,0
DA:5,0
DA:6,0
DA:7,0
DA:8,0
DA:9,0
DA:10,0
DA:11,0
DA:13,0
DA:25,0
LF:13
LH:0
BRF:0
BRH:0
end_of_record
TN:
SF:/Users/alexanderrau/Desktop/Turing/Mod3/Bread-and-roses/src/serviceWorker.js
FN:23,register
FN:34,(anonymous_1)
FN:43,(anonymous_2)
FN:57,registerValidSW
FN:60,(anonymous_4)
FN:61,(anonymous_5)
FN:66,(anonymous_6)
FN:96,(anonymous_7)
FN:101,checkValidServiceWorker
FN:104,(anonymous_9)
FN:112,(anonymous_10)
FN:113,(anonymous_11)
FN:122,(anonymous_12)
FN:129,unregister
FN:131,(anonymous_14)
FNF:15
FNH:0
FNDA:0,register
FNDA:0,(anonymous_1)
FNDA:0,(anonymous_2)
FNDA:0,registerValidSW
FNDA:0,(anonymous_4)
FNDA:0,(anonymous_5)
FNDA:0,(anonymous_6)
FNDA:0,(anonymous_7)
FNDA:0,checkValidServiceWorker
FNDA:0,(anonymous_9)
FNDA:0,(anonymous_10)
FNDA:0,(anonymous_11)
FNDA:0,(anonymous_12)
FNDA:0,unregister
FNDA:0,(anonymous_14)
DA:13,0
DA:24,0
DA:26,0
DA:27,0
DA:31,0
DA:34,0
DA:35,0
DA:37,0
DA:39,0
DA:43,0
DA:44,0
DA:51,0
DA:58,0
DA:61,0
DA:62,0
DA:63,0
DA:64,0
DA:66,0
DA:67,0
DA:68,0
DA:72,0
DA:78,0
DA:79,0
DA:85,0
DA:88,0
DA:89,0
DA:97,0
DA:103,0
DA:106,0
DA:107,0
DA:112,0
DA:113,0
DA:114,0
DA:119,0
DA:123,0
DA:130,0
DA:131,0
DA:132,0
LF:38
LH:0
BRDA:14,0,0,0
BRDA:14,0,1,0
BRDA:14,0,2,0
BRDA:24,1,0,0
BRDA:24,1,1,0
BRDA:24,2,0,0
BRDA:24,2,1,0
BRDA:27,3,0,0
BRDA:27,3,1,0
BRDA:37,4,0,0
BRDA:37,4,1,0
BRDA:63,5,0,0
BRDA:63,5,1,0
BRDA:67,6,0,0
BRDA:67,6,1,0
BRDA:68,7,0,0
BRDA:68,7,1,0
BRDA:78,8,0,0
BRDA:78,8,1,0
BRDA:78,9,0,0
BRDA:78,9,1,0
BRDA:88,10,0,0
BRDA:88,10,1,0
BRDA:88,11,0,0
BRDA:88,11,1,0
BRDA:107,12,0,0
BRDA:107,12,1,0
BRDA:108,13,0,0
BRDA:108,13,1,0
BRDA:108,13,2,0
BRDA:130,14,0,0
BRDA:130,14,1,0
BRF:32
BRH:0
end_of_record
TN:
SF:/Users/alexanderrau/Desktop/Turing/Mod3/Bread-and-roses/src/setupTests.js
FNF:0
FNH:0
DA:4,12
LF:1
LH:1
BRF:0
BRH:0
end_of_record
TN:
SF:/Users/alexanderrau/Desktop/Turing/Mod3/Bread-and-roses/src/Actions/house-actions.js
FN:1,(anonymous_0)
FN:6,(anonymous_1)
FN:11,(anonymous_2)
FNF:3
FNH:3
FNDA:5,(anonymous_0)
FNDA:3,(anonymous_1)
FNDA:5,(anonymous_2)
DA:1,5
DA:6,5
DA:11,5
LF:3
LH:3
BRF:0
BRH:0
end_of_record
TN:
SF:/Users/alexanderrau/Desktop/Turing/Mod3/Bread-and-roses/src/Actions/index.js
FN:1,(anonymous_0)
FN:6,(anonymous_1)
FNF:2
FNH:2
FNDA:42,(anonymous_0)
FNDA:12,(anonymous_1)
DA:1,42
DA:6,12
LF:2
LH:2
BRF:0
BRH:0
end_of_record
TN:
SF:/Users/alexanderrau/Desktop/Turing/Mod3/Bread-and-roses/src/Actions/senate-actions.js
FN:1,(anonymous_0)
FN:6,(anonymous_1)
FN:11,(anonymous_2)
FNF:3
FNH:3
FNDA:4,(anonymous_0)
FNDA:3,(anonymous_1)
FNDA:5,(anonymous_2)
DA:1,5
DA:6,5
DA:11,5
LF:3
LH:3
BRF:0
BRH:0
end_of_record
TN:
SF:/Users/alexanderrau/Desktop/Turing/Mod3/Bread-and-roses/src/App/App.js
FN:17,(anonymous_0)
FN:21,(anonymous_1)
FN:31,(anonymous_2)
FN:37,(anonymous_3)
FN:42,(anonymous_4)
FN:48,(anonymous_5)
FN:60,(anonymous_6)
FN:79,(anonymous_7)
FN:84,(anonymous_8)
FN:85,(anonymous_9)
FN:86,(anonymous_10)
FN:87,(anonymous_11)
FN:88,(anonymous_12)
FNF:13
FNH:10
FNDA:14,(anonymous_0)
FNDA:2,(anonymous_1)
FNDA:2,(anonymous_2)
FNDA:14,(anonymous_3)
FNDA:0,(anonymous_4)
FNDA:0,(anonymous_5)
FNDA:0,(anonymous_6)
FNDA:1,(anonymous_7)
FNDA:4,(anonymous_8)
FNDA:1,(anonymous_9)
FNDA:1,(anonymous_10)
FNDA:1,(anonymous_11)
FNDA:1,(anonymous_12)
DA:18,14
DA:22,2
DA:24,2
DA:25,1
DA:26,1
DA:27,1
DA:32,2
DA:33,2
DA:34,2
DA:38,14
DA:43,0
DA:49,0
DA:61,0
DA:79,1
DA:84,4
DA:85,1
DA:86,1
DA:87,1
DA:88,1
LF:19
LH:16
BRDA:24,0,0,1
BRDA:24,0,1,1
BRDA:26,1,0,1
BRDA:26,1,1,0
BRF:4
BRH:3
end_of_record
TN:
SF:/Users/alexanderrau/Desktop/Turing/Mod3/Bread-and-roses/src/Components/ErrorPage/index.js
FN:4,(anonymous_0)
FNF:1
FNH:1
FNDA:1,(anonymous_0)
DA:4,2
DA:6,1
LF:2
LH:2
BRF:0
BRH:0
end_of_record
TN:
SF:/Users/alexanderrau/Desktop/Turing/Mod3/Bread-and-roses/src/Components/LandingPage/index.js
FN:7,(anonymous_0)
FNF:1
FNH:1
FNDA:1,(anonymous_0)
DA:7,2
DA:9,1
LF:2
LH:2
BRF:0
BRH:0
end_of_record
TN:
SF:/Users/alexanderrau/Desktop/Turing/Mod3/Bread-and-roses/src/Components/Loading/index.js
FN:6,(anonymous_0)
FNF:1
FNH:1
FNDA:1,(anonymous_0)
DA:6,4
DA:8,1
LF:2
LH:2
BRF:0
BRH:0
end_of_record
TN:
SF:/Users/alexanderrau/Desktop/Turing/Mod3/Bread-and-roses/src/Components/MemberContainer/index.js
FN:10,(anonymous_0)
FN:18,(anonymous_1)
FN:29,(anonymous_2)
FN:40,(anonymous_3)
FN:44,(anonymous_4)
FN:50,(anonymous_5)
FN:52,(anonymous_6)
FN:55,(anonymous_7)
FN:72,(anonymous_8)
FNF:9
FNH:9
FNDA:10,(anonymous_0)
FNDA:16,(anonymous_1)
FNDA:388,(anonymous_2)
FNDA:3,(anonymous_3)
FNDA:2,(anonymous_4)
FNDA:2,(anonymous_5)
FNDA:2,(anonymous_6)
FNDA:16,(anonymous_7)
FNDA:15,(anonymous_8)
DA:11,10
DA:13,10
DA:20,16
DA:22,16
DA:23,14
DA:24,2
DA:25,2
DA:29,16
DA:30,388
DA:31,388
DA:32,388
DA:41,3
DA:43,3
DA:44,2
DA:46,1
DA:51,2
DA:52,2
DA:56,16
DA:60,16
DA:61,14
DA:62,2
DA:63,2
DA:66,16
DA:67,1
DA:72,15
DA:74,15
DA:104,16
DA:134,2
LF:28
LH:28
BRDA:22,0,0,14
BRDA:22,0,1,2
BRDA:24,1,0,2
BRDA:24,1,1,0
BRDA:43,2,0,2
BRDA:43,2,1,1
BRDA:60,3,0,14
BRDA:60,3,1,2
BRDA:62,4,0,2
BRDA:62,4,1,0
BRDA:66,5,0,1
BRDA:66,5,1,15
BRDA:91,6,0,15
BRDA:91,6,1,0
BRDA:92,7,0,15
BRDA:92,7,1,0
BRDA:93,8,0,15
BRDA:93,8,1,0
BRDA:94,9,0,15
BRDA:94,9,1,0
BRDA:95,10,0,15
BRDA:95,10,1,0
BRDA:96,11,0,15
BRDA:96,11,1,0
BRF:24
BRH:16
end_of_record
TN:
SF:/Users/alexanderrau/Desktop/Turing/Mod3/Bread-and-roses/src/Components/Welcome/index.js
FN:5,(anonymous_0)
FNF:1
FNH:1
FNDA:1,(anonymous_0)
DA:5,2
DA:7,1
LF:2
LH:2
BRF:0
BRH:0
end_of_record
TN:
SF:/Users/alexanderrau/Desktop/Turing/Mod3/Bread-and-roses/src/Containers/HearingsContainer/index.js
FN:8,(anonymous_0)
FN:13,(anonymous_1)
FN:32,(anonymous_2)
FN:60,(anonymous_3)
FNF:4
FNH:4
FNDA:6,(anonymous_0)
FNDA:4,(anonymous_1)
FNDA:1,(anonymous_2)
FNDA:1,(anonymous_3)
DA:8,2
DA:11,6
DA:12,4
DA:14,4
DA:15,4
DA:22,0
DA:30,2
DA:31,1
DA:33,1
DA:34,1
DA:41,0
DA:50,1
DA:53,6
DA:60,2
DA:65,2
LF:15
LH:13
BRDA:11,0,0,4
BRDA:11,0,1,2
BRDA:11,1,0,6
BRDA:11,1,1,4
BRDA:14,2,0,4
BRDA:14,2,1,0
BRDA:30,3,0,1
BRDA:30,3,1,1
BRDA:30,4,0,2
BRDA:30,4,1,1
BRDA:33,5,0,1
BRDA:33,5,1,0
BRF:12
BRH:10
end_of_record
TN:
SF:/Users/alexanderrau/Desktop/Turing/Mod3/Bread-and-roses/src/Containers/Nav/index.js
FN:12,(anonymous_0)
FN:57,(anonymous_1)
FN:58,(anonymous_2)
FN:59,(anonymous_3)
FN:60,(anonymous_4)
FN:61,(anonymous_5)
FNF:6
FNH:6
FNDA:5,(anonymous_0)
FNDA:4,(anonymous_1)
FNDA:1,(anonymous_2)
FNDA:1,(anonymous_3)
FNDA:1,(anonymous_4)
FNDA:1,(anonymous_5)
DA:12,2
DA:14,5
DA:57,4
DA:58,1
DA:59,1
DA:60,1
DA:61,1
LF:7
LH:7
BRDA:28,0,0,0
BRDA:28,0,1,5
BRDA:41,1,0,0
BRDA:41,1,1,5
BRF:4
BRH:2
end_of_record
TN:
SF:/Users/alexanderrau/Desktop/Turing/Mod3/Bread-and-roses/src/Reducers/house-reducers.js
FN:1,(anonymous_0)
FN:6,(anonymous_1)
FN:12,(anonymous_2)
FNF:3
FNH:3
FNDA:3,(anonymous_0)
FNDA:2,(anonymous_1)
FNDA:2,(anonymous_2)
DA:1,1
DA:2,3
DA:4,1
DA:6,2
DA:8,1
DA:12,1
DA:13,2
DA:15,1
DA:17,1
LF:9
LH:9
BRDA:1,0,0,0
BRDA:2,1,0,1
BRDA:2,1,1,1
BRDA:2,1,2,1
BRDA:12,2,0,0
BRDA:13,3,0,1
BRDA:13,3,1,1
BRF:7
BRH:5
end_of_record
TN:
SF:/Users/alexanderrau/Desktop/Turing/Mod3/Bread-and-roses/src/Reducers/index.js
FNF:0
FNH:0
DA:1,0
DA:2,0
DA:3,0
DA:5,0
LF:4
LH:0
BRF:0
BRH:0
end_of_record
TN:
SF:/Users/alexanderrau/Desktop/Turing/Mod3/Bread-and-roses/src/Reducers/senate-reducers.js
FN:1,(anonymous_0)
FN:10,(anonymous_1)
FN:19,(anonymous_2)
FN:24,(anonymous_3)
FN:30,(anonymous_4)
FNF:5
FNH:5
FNDA:2,(anonymous_0)
FNDA:2,(anonymous_1)
FNDA:3,(anonymous_2)
FNDA:2,(anonymous_3)
FNDA:2,(anonymous_4)
DA:1,1
DA:2,2
DA:4,1
DA:6,1
DA:10,1
DA:11,2
DA:13,1
DA:15,1
DA:19,1
DA:20,3
DA:22,1
DA:24,2
DA:26,1
DA:30,1
DA:31,2
DA:33,1
DA:35,1
LF:17
LH:17
BRDA:1,0,0,1
BRDA:2,1,0,1
BRDA:2,1,1,1
BRDA:10,2,0,1
BRDA:11,3,0,1
BRDA:11,3,1,1
BRDA:19,4,0,0
BRDA:20,5,0,1
BRDA:20,5,1,1
BRDA:20,5,2,1
BRDA:30,6,0,0
BRDA:31,7,0,1
BRDA:31,7,1,1
BRF:13
BRH:11
end_of_record
TN:
SF:/Users/alexanderrau/Desktop/Turing/Mod3/Bread-and-roses/src/Thunks/fetchHouse.js
FN:5,(anonymous_0)
FN:7,(anonymous_1)
FN:14,(anonymous_2)
FNF:3
FNH:3
FNDA:8,(anonymous_0)
FNDA:6,(anonymous_1)
FNDA:3,(anonymous_2)
DA:5,3
DA:7,8
DA:8,6
DA:9,6
DA:10,6
DA:11,4
DA:12,3
DA:14,4
DA:15,3
DA:16,3
DA:17,3
DA:19,3
DA:20,3
DA:22,2
DA:23,2
LF:15
LH:15
BRDA:11,0,0,3
BRDA:11,0,1,1
BRF:2
BRH:2
end_of_record
TN:
SF:/Users/alexanderrau/Desktop/Turing/Mod3/Bread-and-roses/src/Thunks/fetchSenate.js
FN:5,(anonymous_0)
FN:7,(anonymous_1)
FN:14,(anonymous_2)
FNF:3
FNH:3
FNDA:8,(anonymous_0)
FNDA:6,(anonymous_1)
FNDA:27,(anonymous_2)
DA:5,3
DA:7,8
DA:8,6
DA:9,6
DA:10,6
DA:11,5
DA:12,4
DA:14,5
DA:15,27
DA:16,2
DA:17,2
DA:19,4
DA:20,2
DA:22,3
DA:23,3
LF:15
LH:15
BRDA:11,0,0,4
BRDA:11,0,1,1
BRF:2
BRH:2
end_of_record
TN:
SF:/Users/alexanderrau/Desktop/Turing/Mod3/Bread-and-roses/src/Thunks/houseHearings.js
FN:5,(anonymous_0)
FN:7,(anonymous_1)
FNF:2
FNH:2
FNDA:6,(anonymous_0)
FNDA:5,(anonymous_1)
DA:5,3
DA:7,6
DA:8,5
DA:9,5
DA:10,5
DA:11,3
DA:12,2
DA:14,3
DA:16,1
DA:17,1
LF:10
LH:10
BRDA:11,0,0,2
BRDA:11,0,1,1
BRF:2
BRH:2
end_of_record
TN:
SF:/Users/alexanderrau/Desktop/Turing/Mod3/Bread-and-roses/src/Thunks/senateHearings.js
FN:5,(anonymous_0)
FN:7,(anonymous_1)
FNF:2
FNH:2
FNDA:6,(anonymous_0)
FNDA:5,(anonymous_1)
DA:5,3
DA:7,6
DA:8,5
DA:9,5
DA:10,5
DA:11,3
DA:12,2
DA:14,3
DA:16,1
DA:17,1
LF:10
LH:10
BRDA:11,0,0,2
BRDA:11,0,1,1
BRF:2
BRH:2
end_of_record
TN:
SF:/Users/alexanderrau/Desktop/Turing/Mod3/Bread-and-roses/src/Utils/cardImages.js
FNF:0
FNH:0
DA:1,2
LF:1
LH:1
BRF:0
BRH:0
end_of_record
TN:
SF:/Users/alexanderrau/Desktop/Turing/Mod3/Bread-and-roses/src/Utils/stateList.js
FNF:0
FNH:0
DA:1,2
DA:28,2
LF:2
LH:2
BRF:0
BRH:0
end_of_record
TN:
SF:/Users/alexanderrau/Desktop/Turing/Mod3/Bread-and-roses/src/Utils/API/API.js
FN:3,(anonymous_0)
FN:11,(anonymous_1)
FN:22,(anonymous_2)
FN:30,(anonymous_3)
FN:41,(anonymous_4)
FN:58,(anonymous_5)
FN:66,(anonymous_6)
FN:75,(anonymous_7)
FN:83,(anonymous_8)
FNF:9
FNH:9
FNDA:3,(anonymous_0)
FNDA:26,(anonymous_1)
FNDA:3,(anonymous_2)
FNDA:2,(anonymous_3)
FNDA:27,(anonymous_4)
FNDA:3,(anonymous_5)
FNDA:2,(anonymous_6)
FNDA:3,(anonymous_7)
FNDA:2,(anonymous_8)
DA:3,4
DA:5,3
DA:9,3
DA:10,3
DA:11,3
DA:12,26
DA:19,3
DA:22,4
DA:24,3
DA:28,2
DA:29,2
DA:30,2
DA:31,2
DA:38,2
DA:41,4
DA:43,27
DA:47,3
DA:48,3
DA:49,2
DA:55,2
DA:58,4
DA:60,3
DA:64,2
DA:65,2
DA:66,2
DA:67,2
DA:72,2
DA:75,4
DA:77,3
DA:81,2
DA:82,2
DA:83,2
DA:84,2
DA:89,2
LF:34
LH:34
BRF:0
BRH:0
end_of_record
TN:
SF:/Users/alexanderrau/Desktop/Turing/Mod3/Bread-and-roses/src/Utils/API/key.js
FNF:0
FNH:0
DA:1,4
LF:1
LH:1
BRF:0
BRH:0
end_of_record
